[ScrollGen] MarkAllRowsDirty -> 1
[ScrollGen] ClearScreen -> 2
[ScrollGen] MarkAllRowsDirty -> 3
[ScrollGen] ClearScreen -> 4
[ScrollGen] MarkAllRowsDirty -> 1
[ScrollGen] ClearScreen -> 2
[ScrollGen] MarkAllRowsDirty -> 3
[ScrollGen] MarkAllRowsDirty -> 4
[MarkRowDirty] row=0 version=3 coalesced=True
[MarkRowDirty] row=0 version=3 coalesced=True
[MarkRowDirty] row=0 version=3 coalesced=True
[MarkRowDirty] row=0 version=3 coalesced=True
[MarkRowDirty] row=0 version=3 coalesced=True
[MarkRowDirty] row=0 version=3 coalesced=True
[MarkRowDirty] row=0 version=3 coalesced=True
[MarkRowDirty] row=0 version=3 coalesced=True
[MarkRowDirty] row=0 version=3 coalesced=True
[MarkRowDirty] row=0 version=3 coalesced=True
[MarkRowDirty] row=0 version=3 coalesced=True
[MarkRowDirty] row=0 version=3 coalesced=True
[MarkRowDirty] row=0 version=3 coalesced=True
[MarkRowDirty] row=0 version=3 coalesced=True
[MarkRowDirty] row=0 version=3 coalesced=True
[MarkRowDirty] row=0 version=3 coalesced=True
[MarkRowDirty] row=0 version=3 coalesced=True
[MarkRowDirty] row=0 version=3 coalesced=True
[MarkRowDirty] row=0 version=3 coalesced=True
[MarkRowDirty] row=0 version=3 coalesced=True
[MarkRowDirty] row=0 version=3 coalesced=True
[MarkRowDirty] row=0 version=3 coalesced=True
[MarkRowDirty] row=0 version=3 coalesced=True
[MarkRowDirty] row=0 version=3 coalesced=True
[MarkRowDirty] row=0 version=3 coalesced=True
[MarkRowDirty] row=0 version=3 coalesced=True
[MarkRowDirty] row=0 version=3 coalesced=True
[MarkRowDirty] row=0 version=3 coalesced=True
[MarkRowDirty] row=0 version=3 coalesced=True
[MarkRowDirty] row=0 version=3 coalesced=True
[MarkRowDirty] row=0 version=3 coalesced=True
[MarkRowDirty] row=0 version=3 coalesced=True
[MarkRowDirty] row=0 version=3 coalesced=True
[MarkRowDirty] row=0 version=3 coalesced=True
[MarkRowDirty] row=0 version=3 coalesced=True
[MarkRowDirty] row=0 version=3 coalesced=True
[MarkRowDirty] row=0 version=3 coalesced=True
[MarkRowDirty] row=0 version=3 coalesced=True
[MarkRowDirty] row=0 version=3 coalesced=True
[MarkRowDirty] row=0 version=3 coalesced=True
[MarkRowDirty] row=0 version=3 coalesced=True
[MarkRowDirty] row=0 version=3 coalesced=True
[MarkRowDirty] row=0 version=3 coalesced=True
[MarkRowDirty] row=0 version=3 coalesced=True
[MarkRowDirty] row=0 version=3 coalesced=True
[MarkRowDirty] row=0 version=3 coalesced=True
[MarkRowDirty] row=0 version=3 coalesced=True
[MarkRowDirty] row=0 version=3 coalesced=True
[MarkRowDirty] row=0 version=3 coalesced=True
[MarkRowDirty] row=0 version=3 coalesced=True
[MarkRowDirty] row=0 version=3 coalesced=True
[MarkRowDirty] row=0 version=3 coalesced=True
[MarkRowDirty] row=0 version=3 coalesced=True
[MarkRowDirty] row=0 version=3 coalesced=True
[MarkRowDirty] row=0 version=3 coalesced=True
[MarkRowDirty] row=0 version=3 coalesced=True
[MarkRowDirty] row=0 version=3 coalesced=True
[MarkRowDirty] row=0 version=3 coalesced=True
[MarkRowDirty] row=0 version=3 coalesced=True
[MarkRowDirty] row=0 version=3 coalesced=True
[MarkRowDirty] row=0 version=3 coalesced=True
[MarkRowDirty] row=0 version=3 coalesced=True
[MarkRowDirty] row=0 version=3 coalesced=True
[MarkRowDirty] row=0 version=3 coalesced=True
[MarkRowDirty] row=0 version=3 coalesced=True
[MarkRowDirty] row=0 version=3 coalesced=True
[MarkRowDirty] row=0 version=3 coalesced=True
[MarkRowDirty] row=0 version=3 coalesced=True
[MarkRowDirty] row=0 version=3 coalesced=True
[MarkRowDirty] row=0 version=3 coalesced=True
[MarkRowDirty] row=0 version=3 coalesced=True
[MarkRowDirty] row=0 version=3 coalesced=True
[MarkRowDirty] row=0 version=3 coalesced=True
[MarkRowDirty] row=0 version=3 coalesced=True
[MarkRowDirty] row=0 version=3 coalesced=True
[MarkRowDirty] row=0 version=3 coalesced=True
[MarkRowDirty] row=0 version=3 coalesced=True
[MarkRowDirty] row=0 version=3 coalesced=True
[MarkRowDirty] row=0 version=3 coalesced=True
[MarkRowDirty] row=0 version=3 coalesced=True
[MarkRowDirty] row=0 version=3 coalesced=True
[MarkRowDirty] row=0 version=3 coalesced=True
[MarkRowDirty] row=0 version=3 coalesced=True
[MarkRowDirty] row=0 version=3 coalesced=True
[MarkRowDirty] row=0 version=3 coalesced=True
[MarkRowDirty] row=0 version=3 coalesced=True
[MarkRowDirty] row=0 version=3 coalesced=True
[MarkRowDirty] row=0 version=3 coalesced=True
[MarkRowDirty] row=0 version=3 coalesced=True
[MarkRowDirty] row=0 version=3 coalesced=True
[MarkRowDirty] row=0 version=3 coalesced=True
[MarkRowDirty] row=0 version=3 coalesced=True
[MarkRowDirty] row=0 version=3 coalesced=True
[MarkRowDirty] row=0 version=3 coalesced=True
[MarkRowDirty] row=0 version=3 coalesced=True
[MarkRowDirty] row=0 version=3 coalesced=True
[MarkRowDirty] row=0 version=3 coalesced=True
[MarkRowDirty] row=0 version=3 coalesced=True
[MarkRowDirty] row=0 version=3 coalesced=True
[MarkRowDirty] row=0 version=3 coalesced=True
[MarkRowDirty] row=0 version=3 coalesced=True
[MarkRowDirty] row=0 version=3 coalesced=True
[MarkRowDirty] row=0 version=3 coalesced=True
[MarkRowDirty] row=0 version=3 coalesced=True
[MarkRowDirty] row=0 version=3 coalesced=True
[MarkRowDirty] row=0 version=3 coalesced=True
[MarkRowDirty] row=0 version=3 coalesced=True
[MarkRowDirty] row=0 version=3 coalesced=True
[MarkRowDirty] row=0 version=3 coalesced=True
[MarkRowDirty] row=0 version=3 coalesced=True
[MarkRowDirty] row=0 version=3 coalesced=True
[MarkRowDirty] row=0 version=3 coalesced=True
[MarkRowDirty] row=0 version=3 coalesced=True
[MarkRowDirty] row=0 version=3 coalesced=True
[MarkRowDirty] row=0 version=3 coalesced=True
[MarkRowDirty] row=0 version=3 coalesced=True
[MarkRowDirty] row=0 version=3 coalesced=True
[MarkRowDirty] row=0 version=3 coalesced=True
[MarkRowDirty] row=0 version=3 coalesced=True
[MarkRowDirty] row=0 version=3 coalesced=True
[MarkRowDirty] row=0 version=3 coalesced=True
[MarkRowDirty] row=0 version=3 coalesced=True
[MarkRowDirty] row=0 version=3 coalesced=True
[MarkRowDirty] row=0 version=3 coalesced=True
[MarkRowDirty] row=0 version=3 coalesced=True
[MarkRowDirty] row=0 version=3 coalesced=True
[MarkRowDirty] row=0 version=3 coalesced=True
[MarkRowDirty] row=0 version=3 coalesced=True
[MarkRowDirty] row=0 version=3 coalesced=True
[MarkRowDirty] row=0 version=3 coalesced=True
[MarkRowDirty] row=0 version=3 coalesced=True
[MarkRowDirty] row=0 version=3 coalesced=True
[MarkRowDirty] row=0 version=3 coalesced=True
[MarkRowDirty] row=0 version=3 coalesced=True
[MarkRowDirty] row=0 version=3 coalesced=True
[MarkRowDirty] row=0 version=3 coalesced=True
[MarkRowDirty] row=0 version=3 coalesced=True
[MarkRowDirty] row=0 version=3 coalesced=True
[MarkRowDirty] row=0 version=3 coalesced=True
[MarkRowDirty] row=0 version=3 coalesced=True
[MarkRowDirty] row=0 version=3 coalesced=True
[MarkRowDirty] row=0 version=3 coalesced=True
[MarkRowDirty] row=0 version=3 coalesced=True
[MarkRowDirty] row=0 version=3 coalesced=True
[MarkRowDirty] row=0 version=3 coalesced=True
[MarkRowDirty] row=0 version=3 coalesced=True
[MarkRowDirty] row=0 version=3 coalesced=True
[MarkRowDirty] row=0 version=3 coalesced=True
[MarkRowDirty] row=0 version=3 coalesced=True
[MarkRowDirty] row=0 version=3 coalesced=True
[MarkRowDirty] row=0 version=3 coalesced=True
[CSI SGR] params='0'
[CSI SGR] params='27'
[CSI SGR] params='24'
[CSI J] params='' final='J'
[CSI SGR] params='1;32'
[MarkRowDirty] row=1 version=3 coalesced=True
[MarkRowDirty] row=1 version=3 coalesced=True
[MarkRowDirty] row=1 version=3 coalesced=True
[CSI SGR] params='0'
[CSI SGR] params='42;30'
[MarkRowDirty] row=1 version=3 coalesced=True
[MarkRowDirty] row=1 version=3 coalesced=True
[MarkRowDirty] row=1 version=3 coalesced=True
[MarkRowDirty] row=1 version=3 coalesced=True
[MarkRowDirty] row=1 version=3 coalesced=True
[MarkRowDirty] row=1 version=3 coalesced=True
[MarkRowDirty] row=1 version=3 coalesced=True
[MarkRowDirty] row=1 version=3 coalesced=True
[MarkRowDirty] row=1 version=3 coalesced=True
[MarkRowDirty] row=1 version=3 coalesced=True
[MarkRowDirty] row=1 version=3 coalesced=True
[MarkRowDirty] row=1 version=3 coalesced=True
[MarkRowDirty] row=1 version=3 coalesced=True
[MarkRowDirty] row=1 version=3 coalesced=True
[MarkRowDirty] row=1 version=3 coalesced=True
[RenderEx] System.IndexOutOfRangeException: Index was outside the bounds of the array.
   at Dotty.App.Rendering.TerminalFrameComposer.RenderTo(SKCanvas target, TerminalBuffer buffer, GlyphAtlas atlas, SKPaint paint, Single cellW, Single cellH) in /home/dom/projects/dotnet-term/src/Dotty.App/Controls/Canvas/Rendering/TerminalFrameComposer.cs:line 170
[CSI SGR] params='0'
[CSI SGR] params='1;32'
[MarkRowDirty] row=1 version=3 coalesced=True
[CSI SGR] params='0'
[MarkRowDirty] row=1 version=3 coalesced=True
[MarkRowDirty] row=1 version=3 coalesced=True
[MarkRowDirty] row=1 version=3 coalesced=True
[CSI SGR] params='1;32'
[MarkRowDirty] row=1 version=3 coalesced=True
[CSI SGR] params='0'
[CSI SGR] params='42;30'
[MarkRowDirty] row=1 version=3 coalesced=True
[MarkRowDirty] row=1 version=3 coalesced=True
[MarkRowDirty] row=1 version=3 coalesced=True
[MarkRowDirty] row=1 version=3 coalesced=True
[MarkRowDirty] row=1 version=3 coalesced=True
[MarkRowDirty] row=1 version=3 coalesced=True
[CSI SGR] params='0'
[CSI SGR] params='1;32'
[MarkRowDirty] row=1 version=3 coalesced=True
[MarkRowDirty] row=1 version=3 coalesced=True
[CSI SGR] params='0'
[LF] move down cursor=(1,0) region=(0,78)
[CSI SGR] params='1;32'
[MarkRowDirty] row=2 version=3 coalesced=True
[MarkRowDirty] row=2 version=3 coalesced=True
[MarkRowDirty] row=2 version=3 coalesced=True
[MarkRowDirty] row=2 version=3 coalesced=True
[MarkRowDirty] row=2 version=3 coalesced=True
[MarkRowDirty] row=2 version=3 coalesced=True
[CSI SGR] params='0'
[MarkRowDirty] row=2 version=3 coalesced=True
[MarkRowDirty] row=2 version=3 coalesced=True
[CSI K] params='' final='K'
[EraseLine] row=2 mode=0
[MarkRowDirty] row=2 version=3 coalesced=True
[CSI mode h] params='?1'
[CSI mode h] params='?2004'
[RowDecide] r=0 ver=3 cached=-1 dirty=True forceFull=False changed=True
[Blit] r=0 srcHash=16145044 dstY=0
[RowDecide] r=1 ver=3 cached=-1 dirty=True forceFull=False changed=True
[Blit] r=1 srcHash=60495737 dstY=20
[RowDecide] r=2 ver=3 cached=-1 dirty=True forceFull=False changed=True
[Blit] r=2 srcHash=23749772 dstY=40
[RowDecide] r=3 ver=3 cached=-1 dirty=True forceFull=False changed=True
[Blit] r=3 srcHash=6326333 dstY=60
[RowDecide] r=4 ver=3 cached=-1 dirty=True forceFull=False changed=True
[Blit] r=4 srcHash=32747756 dstY=80
[RowDecide] r=5 ver=3 cached=-1 dirty=True forceFull=False changed=True
[Blit] r=5 srcHash=3707448 dstY=100
[RowDecide] r=6 ver=3 cached=-1 dirty=True forceFull=False changed=True
[Blit] r=6 srcHash=2957860 dstY=120
[RowDecide] r=7 ver=3 cached=-1 dirty=True forceFull=False changed=True
[Blit] r=7 srcHash=42331983 dstY=140
[RowDecide] r=8 ver=3 cached=-1 dirty=True forceFull=False changed=True
[Blit] r=8 srcHash=22779505 dstY=160
[RowDecide] r=9 ver=3 cached=-1 dirty=True forceFull=False changed=True
[Blit] r=9 srcHash=37535352 dstY=180
[RowDecide] r=10 ver=3 cached=-1 dirty=True forceFull=False changed=True
[Blit] r=10 srcHash=46630754 dstY=200
[RowDecide] r=11 ver=3 cached=-1 dirty=True forceFull=False changed=True
[Blit] r=11 srcHash=47616313 dstY=220
[RowDecide] r=12 ver=3 cached=-1 dirty=True forceFull=False changed=True
[Blit] r=12 srcHash=16973140 dstY=240
[RowDecide] r=13 ver=3 cached=-1 dirty=True forceFull=False changed=True
[Blit] r=13 srcHash=24026409 dstY=260
[RowDecide] r=14 ver=3 cached=-1 dirty=True forceFull=False changed=True
[Blit] r=14 srcHash=16561909 dstY=280
[RowDecide] r=15 ver=3 cached=-1 dirty=True forceFull=False changed=True
[Blit] r=15 srcHash=8810861 dstY=300
[RowDecide] r=16 ver=3 cached=-1 dirty=True forceFull=False changed=True
[Blit] r=16 srcHash=57566403 dstY=320
[RowDecide] r=17 ver=3 cached=-1 dirty=True forceFull=False changed=True
[Blit] r=17 srcHash=49582139 dstY=340
[RowDecide] r=18 ver=3 cached=-1 dirty=True forceFull=False changed=True
[Blit] r=18 srcHash=22599820 dstY=360
[RowDecide] r=19 ver=3 cached=-1 dirty=True forceFull=False changed=True
[Blit] r=19 srcHash=30887001 dstY=380
[RowDecide] r=20 ver=3 cached=-1 dirty=True forceFull=False changed=True
[Blit] r=20 srcHash=1968367 dstY=400
[RowDecide] r=21 ver=3 cached=-1 dirty=True forceFull=False changed=True
[Blit] r=21 srcHash=5720734 dstY=420
[RowDecide] r=22 ver=3 cached=-1 dirty=True forceFull=False changed=True
[Blit] r=22 srcHash=10340569 dstY=440
[RowDecide] r=23 ver=3 cached=-1 dirty=True forceFull=False changed=True
[Blit] r=23 srcHash=47056750 dstY=460
[RowDecide] r=24 ver=2 cached=-1 dirty=True forceFull=False changed=True
[Blit] r=24 srcHash=63378184 dstY=480
[RowDecide] r=25 ver=2 cached=-1 dirty=True forceFull=False changed=True
[Blit] r=25 srcHash=63291458 dstY=500
[RowDecide] r=26 ver=2 cached=-1 dirty=True forceFull=False changed=True
[Blit] r=26 srcHash=60082571 dstY=520
[RowDecide] r=27 ver=2 cached=-1 dirty=True forceFull=False changed=True
[Blit] r=27 srcHash=8462621 dstY=540
[RowDecide] r=28 ver=2 cached=-1 dirty=True forceFull=False changed=True
[Blit] r=28 srcHash=44681534 dstY=560
[RowDecide] r=29 ver=2 cached=-1 dirty=True forceFull=False changed=True
[Blit] r=29 srcHash=42604054 dstY=580
[RowDecide] r=30 ver=2 cached=-1 dirty=True forceFull=False changed=True
[Blit] r=30 srcHash=32846161 dstY=600
[RowDecide] r=31 ver=2 cached=-1 dirty=True forceFull=False changed=True
[Blit] r=31 srcHash=7348436 dstY=620
[RowDecide] r=32 ver=2 cached=-1 dirty=True forceFull=False changed=True
[Blit] r=32 srcHash=3456706 dstY=640
[RowDecide] r=33 ver=2 cached=-1 dirty=True forceFull=False changed=True
[Blit] r=33 srcHash=60789260 dstY=660
[RowDecide] r=34 ver=1 cached=-1 dirty=True forceFull=False changed=True
[Blit] r=34 srcHash=34610141 dstY=680
[RowDecide] r=35 ver=1 cached=-1 dirty=True forceFull=False changed=True
[Blit] r=35 srcHash=5506821 dstY=700
[RowDecide] r=36 ver=1 cached=-1 dirty=True forceFull=False changed=True
[Blit] r=36 srcHash=2425794 dstY=720
[RowDecide] r=37 ver=1 cached=-1 dirty=True forceFull=False changed=True
[Blit] r=37 srcHash=22645523 dstY=740
[RowDecide] r=38 ver=1 cached=-1 dirty=True forceFull=False changed=True
[Blit] r=38 srcHash=32578014 dstY=760
[RowDecide] r=39 ver=1 cached=-1 dirty=True forceFull=False changed=True
[Blit] r=39 srcHash=64535838 dstY=780
[RowDecide] r=40 ver=1 cached=-1 dirty=True forceFull=False changed=True
[Blit] r=40 srcHash=39015791 dstY=800
[RowDecide] r=41 ver=1 cached=-1 dirty=True forceFull=False changed=True
[Blit] r=41 srcHash=34298139 dstY=820
[RowDecide] r=42 ver=1 cached=-1 dirty=True forceFull=False changed=True
[Blit] r=42 srcHash=61071619 dstY=840
[RowDecide] r=43 ver=1 cached=-1 dirty=True forceFull=False changed=True
[Blit] r=43 srcHash=45057425 dstY=860
[RowDecide] r=44 ver=1 cached=-1 dirty=True forceFull=False changed=True
[Blit] r=44 srcHash=56511993 dstY=880
[RowDecide] r=45 ver=1 cached=-1 dirty=True forceFull=False changed=True
[Blit] r=45 srcHash=10568980 dstY=900
[RowDecide] r=46 ver=1 cached=-1 dirty=True forceFull=False changed=True
[Blit] r=46 srcHash=55507966 dstY=920
[RowDecide] r=47 ver=1 cached=-1 dirty=True forceFull=False changed=True
[Blit] r=47 srcHash=40528844 dstY=940
[RowDecide] r=48 ver=1 cached=-1 dirty=True forceFull=False changed=True
[Blit] r=48 srcHash=23172240 dstY=960
[RowDecide] r=49 ver=1 cached=-1 dirty=True forceFull=False changed=True
[Blit] r=49 srcHash=52066542 dstY=980
[RowDecide] r=50 ver=1 cached=-1 dirty=True forceFull=False changed=True
[Blit] r=50 srcHash=47413886 dstY=1000
[RowDecide] r=51 ver=1 cached=-1 dirty=True forceFull=False changed=True
[Blit] r=51 srcHash=9483329 dstY=1020
[RowDecide] r=52 ver=1 cached=-1 dirty=True forceFull=False changed=True
[Blit] r=52 srcHash=15338853 dstY=1040
[RowDecide] r=53 ver=1 cached=-1 dirty=True forceFull=False changed=True
[Blit] r=53 srcHash=30666649 dstY=1060
[RowDecide] r=54 ver=1 cached=-1 dirty=True forceFull=False changed=True
[Blit] r=54 srcHash=60924210 dstY=1080
[RowDecide] r=55 ver=1 cached=-1 dirty=True forceFull=False changed=True
[Blit] r=55 srcHash=39603294 dstY=1100
[RowDecide] r=56 ver=1 cached=-1 dirty=True forceFull=False changed=True
[Blit] r=56 srcHash=56035750 dstY=1120
[RowDecide] r=57 ver=1 cached=-1 dirty=True forceFull=False changed=True
[Blit] r=57 srcHash=60056837 dstY=1140
[RowDecide] r=58 ver=1 cached=-1 dirty=True forceFull=False changed=True
[Blit] r=58 srcHash=7510476 dstY=1160
[RowDecide] r=59 ver=1 cached=-1 dirty=True forceFull=False changed=True
[Blit] r=59 srcHash=9452180 dstY=1180
[RowDecide] r=60 ver=1 cached=-1 dirty=True forceFull=False changed=True
[Blit] r=60 srcHash=14186372 dstY=1200
[RowDecide] r=61 ver=1 cached=-1 dirty=True forceFull=False changed=True
[Blit] r=61 srcHash=55133730 dstY=1220
[RowDecide] r=62 ver=1 cached=-1 dirty=True forceFull=False changed=True
[Blit] r=62 srcHash=26682107 dstY=1240
[RowDecide] r=63 ver=1 cached=-1 dirty=True forceFull=False changed=True
[Blit] r=63 srcHash=47713876 dstY=1260
[RowDecide] r=64 ver=1 cached=-1 dirty=True forceFull=False changed=True
[Blit] r=64 srcHash=20582959 dstY=1280
[RowDecide] r=65 ver=1 cached=-1 dirty=True forceFull=False changed=True
[Blit] r=65 srcHash=23372000 dstY=1300
[RowDecide] r=66 ver=1 cached=-1 dirty=True forceFull=False changed=True
[Blit] r=66 srcHash=59457647 dstY=1320
[RowDecide] r=67 ver=1 cached=-1 dirty=True forceFull=False changed=True
[Blit] r=67 srcHash=52449292 dstY=1340
[RowDecide] r=68 ver=1 cached=-1 dirty=True forceFull=False changed=True
[Blit] r=68 srcHash=61575639 dstY=1360
[RowDecide] r=69 ver=1 cached=-1 dirty=True forceFull=False changed=True
[Blit] r=69 srcHash=63706159 dstY=1380
[RowDecide] r=70 ver=1 cached=-1 dirty=True forceFull=False changed=True
[Blit] r=70 srcHash=8317655 dstY=1400
[RowDecide] r=71 ver=1 cached=-1 dirty=True forceFull=False changed=True
[Blit] r=71 srcHash=39317806 dstY=1420
[RowDecide] r=72 ver=1 cached=-1 dirty=True forceFull=False changed=True
[Blit] r=72 srcHash=45472684 dstY=1440
[RowDecide] r=73 ver=1 cached=-1 dirty=True forceFull=False changed=True
[Blit] r=73 srcHash=4767743 dstY=1460
[RowDecide] r=74 ver=1 cached=-1 dirty=True forceFull=False changed=True
[Blit] r=74 srcHash=42188773 dstY=1480
[RowDecide] r=75 ver=1 cached=-1 dirty=True forceFull=False changed=True
[Blit] r=75 srcHash=17480744 dstY=1500
[RowDecide] r=76 ver=1 cached=-1 dirty=True forceFull=False changed=True
[Blit] r=76 srcHash=42807775 dstY=1520
[RowDecide] r=77 ver=1 cached=-1 dirty=True forceFull=False changed=True
[Blit] r=77 srcHash=40383808 dstY=1540
[RowDecide] r=78 ver=1 cached=-1 dirty=True forceFull=False changed=True
[Blit] r=78 srcHash=17805896 dstY=1560
[FrontDump] wrote /home/dom/projects/dotnet-term/artifacts/frontbuf_20260108_235658_0.png
[FrontDump] wrote sidecar /home/dom/projects/dotnet-term/artifacts/frontbuf_20260108_235658_0.json
[RowDecide] r=0 ver=3 cached=3 dirty=False forceFull=False changed=False
[RowDecide] r=1 ver=3 cached=3 dirty=False forceFull=False changed=False
[RowDecide] r=2 ver=3 cached=3 dirty=False forceFull=False changed=False
[RowDecide] r=3 ver=3 cached=3 dirty=False forceFull=False changed=False
[RowDecide] r=4 ver=3 cached=3 dirty=False forceFull=False changed=False
[RowDecide] r=5 ver=3 cached=3 dirty=False forceFull=False changed=False
[RowDecide] r=6 ver=3 cached=3 dirty=False forceFull=False changed=False
[RowDecide] r=7 ver=3 cached=3 dirty=False forceFull=False changed=False
[RowDecide] r=8 ver=3 cached=3 dirty=False forceFull=False changed=False
[RowDecide] r=9 ver=3 cached=3 dirty=False forceFull=False changed=False
[RowDecide] r=10 ver=3 cached=3 dirty=False forceFull=False changed=False
[RowDecide] r=11 ver=3 cached=3 dirty=False forceFull=False changed=False
[RowDecide] r=12 ver=3 cached=3 dirty=False forceFull=False changed=False
[RowDecide] r=13 ver=3 cached=3 dirty=False forceFull=False changed=False
[RowDecide] r=14 ver=3 cached=3 dirty=False forceFull=False changed=False
[RowDecide] r=15 ver=3 cached=3 dirty=False forceFull=False changed=False
[RowDecide] r=16 ver=3 cached=3 dirty=False forceFull=False changed=False
[RowDecide] r=17 ver=3 cached=3 dirty=False forceFull=False changed=False
[RowDecide] r=18 ver=3 cached=3 dirty=False forceFull=False changed=False
[RowDecide] r=19 ver=3 cached=3 dirty=False forceFull=False changed=False
[RowDecide] r=20 ver=3 cached=3 dirty=False forceFull=False changed=False
[RowDecide] r=21 ver=3 cached=3 dirty=False forceFull=False changed=False
[RowDecide] r=22 ver=3 cached=3 dirty=False forceFull=False changed=False
[RowDecide] r=23 ver=3 cached=3 dirty=False forceFull=False changed=False
[RowDecide] r=24 ver=2 cached=2 dirty=False forceFull=False changed=False
[RowDecide] r=25 ver=2 cached=2 dirty=False forceFull=False changed=False
[RowDecide] r=26 ver=2 cached=2 dirty=False forceFull=False changed=False
[RowDecide] r=27 ver=2 cached=2 dirty=False forceFull=False changed=False
[RowDecide] r=28 ver=2 cached=2 dirty=False forceFull=False changed=False
[RowDecide] r=29 ver=2 cached=2 dirty=False forceFull=False changed=False
[RowDecide] r=30 ver=2 cached=2 dirty=False forceFull=False changed=False
[RowDecide] r=31 ver=2 cached=2 dirty=False forceFull=False changed=False
[RowDecide] r=32 ver=2 cached=2 dirty=False forceFull=False changed=False
[RowDecide] r=33 ver=2 cached=2 dirty=False forceFull=False changed=False
[RowDecide] r=34 ver=1 cached=1 dirty=False forceFull=False changed=False
[RowDecide] r=35 ver=1 cached=1 dirty=False forceFull=False changed=False
[RowDecide] r=36 ver=1 cached=1 dirty=False forceFull=False changed=False
[RowDecide] r=37 ver=1 cached=1 dirty=False forceFull=False changed=False
[RowDecide] r=38 ver=1 cached=1 dirty=False forceFull=False changed=False
[RowDecide] r=39 ver=1 cached=1 dirty=False forceFull=False changed=False
[RowDecide] r=40 ver=1 cached=1 dirty=False forceFull=False changed=False
[RowDecide] r=41 ver=1 cached=1 dirty=False forceFull=False changed=False
[RowDecide] r=42 ver=1 cached=1 dirty=False forceFull=False changed=False
[RowDecide] r=43 ver=1 cached=1 dirty=False forceFull=False changed=False
[RowDecide] r=44 ver=1 cached=1 dirty=False forceFull=False changed=False
[RowDecide] r=45 ver=1 cached=1 dirty=False forceFull=False changed=False
[RowDecide] r=46 ver=1 cached=1 dirty=False forceFull=False changed=False
[RowDecide] r=47 ver=1 cached=1 dirty=False forceFull=False changed=False
[RowDecide] r=48 ver=1 cached=1 dirty=False forceFull=False changed=False
[RowDecide] r=49 ver=1 cached=1 dirty=False forceFull=False changed=False
[RowDecide] r=50 ver=1 cached=1 dirty=False forceFull=False changed=False
[RowDecide] r=51 ver=1 cached=1 dirty=False forceFull=False changed=False
[RowDecide] r=52 ver=1 cached=1 dirty=False forceFull=False changed=False
[RowDecide] r=53 ver=1 cached=1 dirty=False forceFull=False changed=False
[RowDecide] r=54 ver=1 cached=1 dirty=False forceFull=False changed=False
[RowDecide] r=55 ver=1 cached=1 dirty=False forceFull=False changed=False
[RowDecide] r=56 ver=1 cached=1 dirty=False forceFull=False changed=False
[RowDecide] r=57 ver=1 cached=1 dirty=False forceFull=False changed=False
[RowDecide] r=58 ver=1 cached=1 dirty=False forceFull=False changed=False
[RowDecide] r=59 ver=1 cached=1 dirty=False forceFull=False changed=False
[RowDecide] r=60 ver=1 cached=1 dirty=False forceFull=False changed=False
[RowDecide] r=61 ver=1 cached=1 dirty=False forceFull=False changed=False
[RowDecide] r=62 ver=1 cached=1 dirty=False forceFull=False changed=False
[RowDecide] r=63 ver=1 cached=1 dirty=False forceFull=False changed=False
[RowDecide] r=64 ver=1 cached=1 dirty=False forceFull=False changed=False
[RowDecide] r=65 ver=1 cached=1 dirty=False forceFull=False changed=False
[RowDecide] r=66 ver=1 cached=1 dirty=False forceFull=False changed=False
[RowDecide] r=67 ver=1 cached=1 dirty=False forceFull=False changed=False
[RowDecide] r=68 ver=1 cached=1 dirty=False forceFull=False changed=False
[RowDecide] r=69 ver=1 cached=1 dirty=False forceFull=False changed=False
[RowDecide] r=70 ver=1 cached=1 dirty=False forceFull=False changed=False
[RowDecide] r=71 ver=1 cached=1 dirty=False forceFull=False changed=False
[RowDecide] r=72 ver=1 cached=1 dirty=False forceFull=False changed=False
[RowDecide] r=73 ver=1 cached=1 dirty=False forceFull=False changed=False
[RowDecide] r=74 ver=1 cached=1 dirty=False forceFull=False changed=False
[RowDecide] r=75 ver=1 cached=1 dirty=False forceFull=False changed=False
[RowDecide] r=76 ver=1 cached=1 dirty=False forceFull=False changed=False
[RowDecide] r=77 ver=1 cached=1 dirty=False forceFull=False changed=False
[RowDecide] r=78 ver=1 cached=1 dirty=False forceFull=False changed=False
[FrontDump] wrote /home/dom/projects/dotnet-term/artifacts/frontbuf_20260108_235659_1.png
[FrontDump] wrote sidecar /home/dom/projects/dotnet-term/artifacts/frontbuf_20260108_235659_1.json
[RowDecide] r=0 ver=3 cached=3 dirty=False forceFull=False changed=False
[RowDecide] r=1 ver=3 cached=3 dirty=False forceFull=False changed=False
[RowDecide] r=2 ver=3 cached=3 dirty=False forceFull=False changed=False
[RowDecide] r=3 ver=3 cached=3 dirty=False forceFull=False changed=False
[RowDecide] r=4 ver=3 cached=3 dirty=False forceFull=False changed=False
[RowDecide] r=5 ver=3 cached=3 dirty=False forceFull=False changed=False
[RowDecide] r=6 ver=3 cached=3 dirty=False forceFull=False changed=False
[RowDecide] r=7 ver=3 cached=3 dirty=False forceFull=False changed=False
[RowDecide] r=8 ver=3 cached=3 dirty=False forceFull=False changed=False
[RowDecide] r=9 ver=3 cached=3 dirty=False forceFull=False changed=False
[RowDecide] r=10 ver=3 cached=3 dirty=False forceFull=False changed=False
[RowDecide] r=11 ver=3 cached=3 dirty=False forceFull=False changed=False
[RowDecide] r=12 ver=3 cached=3 dirty=False forceFull=False changed=False
[RowDecide] r=13 ver=3 cached=3 dirty=False forceFull=False changed=False
[RowDecide] r=14 ver=3 cached=3 dirty=False forceFull=False changed=False
[RowDecide] r=15 ver=3 cached=3 dirty=False forceFull=False changed=False
[RowDecide] r=16 ver=3 cached=3 dirty=False forceFull=False changed=False
[RowDecide] r=17 ver=3 cached=3 dirty=False forceFull=False changed=False
[RowDecide] r=18 ver=3 cached=3 dirty=False forceFull=False changed=False
[RowDecide] r=19 ver=3 cached=3 dirty=False forceFull=False changed=False
[RowDecide] r=20 ver=3 cached=3 dirty=False forceFull=False changed=False
[RowDecide] r=21 ver=3 cached=3 dirty=False forceFull=False changed=False
[RowDecide] r=22 ver=3 cached=3 dirty=False forceFull=False changed=False
[RowDecide] r=23 ver=3 cached=3 dirty=False forceFull=False changed=False
[RowDecide] r=24 ver=2 cached=2 dirty=False forceFull=False changed=False
[RowDecide] r=25 ver=2 cached=2 dirty=False forceFull=False changed=False
[RowDecide] r=26 ver=2 cached=2 dirty=False forceFull=False changed=False
[RowDecide] r=27 ver=2 cached=2 dirty=False forceFull=False changed=False
[RowDecide] r=28 ver=2 cached=2 dirty=False forceFull=False changed=False
[RowDecide] r=29 ver=2 cached=2 dirty=False forceFull=False changed=False
[RowDecide] r=30 ver=2 cached=2 dirty=False forceFull=False changed=False
[RowDecide] r=31 ver=2 cached=2 dirty=False forceFull=False changed=False
[RowDecide] r=32 ver=2 cached=2 dirty=False forceFull=False changed=False
[RowDecide] r=33 ver=2 cached=2 dirty=False forceFull=False changed=False
[RowDecide] r=34 ver=1 cached=1 dirty=False forceFull=False changed=False
[RowDecide] r=35 ver=1 cached=1 dirty=False forceFull=False changed=False
[RowDecide] r=36 ver=1 cached=1 dirty=False forceFull=False changed=False
[RowDecide] r=37 ver=1 cached=1 dirty=False forceFull=False changed=False
[RowDecide] r=38 ver=1 cached=1 dirty=False forceFull=False changed=False
[RowDecide] r=39 ver=1 cached=1 dirty=False forceFull=False changed=False
[RowDecide] r=40 ver=1 cached=1 dirty=False forceFull=False changed=False
[RowDecide] r=41 ver=1 cached=1 dirty=False forceFull=False changed=False
[RowDecide] r=42 ver=1 cached=1 dirty=False forceFull=False changed=False
[RowDecide] r=43 ver=1 cached=1 dirty=False forceFull=False changed=False
[RowDecide] r=44 ver=1 cached=1 dirty=False forceFull=False changed=False
[RowDecide] r=45 ver=1 cached=1 dirty=False forceFull=False changed=False
[RowDecide] r=46 ver=1 cached=1 dirty=False forceFull=False changed=False
[RowDecide] r=47 ver=1 cached=1 dirty=False forceFull=False changed=False
[RowDecide] r=48 ver=1 cached=1 dirty=False forceFull=False changed=False
[RowDecide] r=49 ver=1 cached=1 dirty=False forceFull=False changed=False
[RowDecide] r=50 ver=1 cached=1 dirty=False forceFull=False changed=False
[RowDecide] r=51 ver=1 cached=1 dirty=False forceFull=False changed=False
[RowDecide] r=52 ver=1 cached=1 dirty=False forceFull=False changed=False
[RowDecide] r=53 ver=1 cached=1 dirty=False forceFull=False changed=False
[RowDecide] r=54 ver=1 cached=1 dirty=False forceFull=False changed=False
[RowDecide] r=55 ver=1 cached=1 dirty=False forceFull=False changed=False
[RowDecide] r=56 ver=1 cached=1 dirty=False forceFull=False changed=False
[RowDecide] r=57 ver=1 cached=1 dirty=False forceFull=False changed=False
[RowDecide] r=58 ver=1 cached=1 dirty=False forceFull=False changed=False
[RowDecide] r=59 ver=1 cached=1 dirty=False forceFull=False changed=False
[RowDecide] r=60 ver=1 cached=1 dirty=False forceFull=False changed=False
[RowDecide] r=61 ver=1 cached=1 dirty=False forceFull=False changed=False
[RowDecide] r=62 ver=1 cached=1 dirty=False forceFull=False changed=False
[RowDecide] r=63 ver=1 cached=1 dirty=False forceFull=False changed=False
[RowDecide] r=64 ver=1 cached=1 dirty=False forceFull=False changed=False
[RowDecide] r=65 ver=1 cached=1 dirty=False forceFull=False changed=False
[RowDecide] r=66 ver=1 cached=1 dirty=False forceFull=False changed=False
[RowDecide] r=67 ver=1 cached=1 dirty=False forceFull=False changed=False
[RowDecide] r=68 ver=1 cached=1 dirty=False forceFull=False changed=False
[RowDecide] r=69 ver=1 cached=1 dirty=False forceFull=False changed=False
[RowDecide] r=70 ver=1 cached=1 dirty=False forceFull=False changed=False
[RowDecide] r=71 ver=1 cached=1 dirty=False forceFull=False changed=False
[RowDecide] r=72 ver=1 cached=1 dirty=False forceFull=False changed=False
[RowDecide] r=73 ver=1 cached=1 dirty=False forceFull=False changed=False
[RowDecide] r=74 ver=1 cached=1 dirty=False forceFull=False changed=False
[RowDecide] r=75 ver=1 cached=1 dirty=False forceFull=False changed=False
[RowDecide] r=76 ver=1 cached=1 dirty=False forceFull=False changed=False
[RowDecide] r=77 ver=1 cached=1 dirty=False forceFull=False changed=False
[RowDecide] r=78 ver=1 cached=1 dirty=False forceFull=False changed=False
[FrontDump] wrote /home/dom/projects/dotnet-term/artifacts/frontbuf_20260108_235659_2.png
[FrontDump] wrote sidecar /home/dom/projects/dotnet-term/artifacts/frontbuf_20260108_235659_2.json
[RowDecide] r=0 ver=3 cached=3 dirty=False forceFull=False changed=False
[RowDecide] r=1 ver=3 cached=3 dirty=False forceFull=False changed=False
[RowDecide] r=2 ver=3 cached=3 dirty=False forceFull=False changed=False
[RowDecide] r=3 ver=3 cached=3 dirty=False forceFull=False changed=False
[RowDecide] r=4 ver=3 cached=3 dirty=False forceFull=False changed=False
[RowDecide] r=5 ver=3 cached=3 dirty=False forceFull=False changed=False
[RowDecide] r=6 ver=3 cached=3 dirty=False forceFull=False changed=False
[RowDecide] r=7 ver=3 cached=3 dirty=False forceFull=False changed=False
[RowDecide] r=8 ver=3 cached=3 dirty=False forceFull=False changed=False
[RowDecide] r=9 ver=3 cached=3 dirty=False forceFull=False changed=False
[RowDecide] r=10 ver=3 cached=3 dirty=False forceFull=False changed=False
[RowDecide] r=11 ver=3 cached=3 dirty=False forceFull=False changed=False
[RowDecide] r=12 ver=3 cached=3 dirty=False forceFull=False changed=False
[RowDecide] r=13 ver=3 cached=3 dirty=False forceFull=False changed=False
[RowDecide] r=14 ver=3 cached=3 dirty=False forceFull=False changed=False
[RowDecide] r=15 ver=3 cached=3 dirty=False forceFull=False changed=False
[RowDecide] r=16 ver=3 cached=3 dirty=False forceFull=False changed=False
[RowDecide] r=17 ver=3 cached=3 dirty=False forceFull=False changed=False
[RowDecide] r=18 ver=3 cached=3 dirty=False forceFull=False changed=False
[RowDecide] r=19 ver=3 cached=3 dirty=False forceFull=False changed=False
[RowDecide] r=20 ver=3 cached=3 dirty=False forceFull=False changed=False
[RowDecide] r=21 ver=3 cached=3 dirty=False forceFull=False changed=False
[RowDecide] r=22 ver=3 cached=3 dirty=False forceFull=False changed=False
[RowDecide] r=23 ver=3 cached=3 dirty=False forceFull=False changed=False
[RowDecide] r=24 ver=2 cached=2 dirty=False forceFull=False changed=False
[RowDecide] r=25 ver=2 cached=2 dirty=False forceFull=False changed=False
[RowDecide] r=26 ver=2 cached=2 dirty=False forceFull=False changed=False
[RowDecide] r=27 ver=2 cached=2 dirty=False forceFull=False changed=False
[RowDecide] r=28 ver=2 cached=2 dirty=False forceFull=False changed=False
[RowDecide] r=29 ver=2 cached=2 dirty=False forceFull=False changed=False
[RowDecide] r=30 ver=2 cached=2 dirty=False forceFull=False changed=False
[RowDecide] r=31 ver=2 cached=2 dirty=False forceFull=False changed=False
[RowDecide] r=32 ver=2 cached=2 dirty=False forceFull=False changed=False
[RowDecide] r=33 ver=2 cached=2 dirty=False forceFull=False changed=False
[RowDecide] r=34 ver=1 cached=1 dirty=False forceFull=False changed=False
[RowDecide] r=35 ver=1 cached=1 dirty=False forceFull=False changed=False
[RowDecide] r=36 ver=1 cached=1 dirty=False forceFull=False changed=False
[RowDecide] r=37 ver=1 cached=1 dirty=False forceFull=False changed=False
[RowDecide] r=38 ver=1 cached=1 dirty=False forceFull=False changed=False
[RowDecide] r=39 ver=1 cached=1 dirty=False forceFull=False changed=False
[RowDecide] r=40 ver=1 cached=1 dirty=False forceFull=False changed=False
[RowDecide] r=41 ver=1 cached=1 dirty=False forceFull=False changed=False
[RowDecide] r=42 ver=1 cached=1 dirty=False forceFull=False changed=False
[RowDecide] r=43 ver=1 cached=1 dirty=False forceFull=False changed=False
[RowDecide] r=44 ver=1 cached=1 dirty=False forceFull=False changed=False
[RowDecide] r=45 ver=1 cached=1 dirty=False forceFull=False changed=False
[RowDecide] r=46 ver=1 cached=1 dirty=False forceFull=False changed=False
[RowDecide] r=47 ver=1 cached=1 dirty=False forceFull=False changed=False
[RowDecide] r=48 ver=1 cached=1 dirty=False forceFull=False changed=False
[RowDecide] r=49 ver=1 cached=1 dirty=False forceFull=False changed=False
[RowDecide] r=50 ver=1 cached=1 dirty=False forceFull=False changed=False
[RowDecide] r=51 ver=1 cached=1 dirty=False forceFull=False changed=False
[RowDecide] r=52 ver=1 cached=1 dirty=False forceFull=False changed=False
[RowDecide] r=53 ver=1 cached=1 dirty=False forceFull=False changed=False
[RowDecide] r=54 ver=1 cached=1 dirty=False forceFull=False changed=False
[RowDecide] r=55 ver=1 cached=1 dirty=False forceFull=False changed=False
[RowDecide] r=56 ver=1 cached=1 dirty=False forceFull=False changed=False
[RowDecide] r=57 ver=1 cached=1 dirty=False forceFull=False changed=False
[RowDecide] r=58 ver=1 cached=1 dirty=False forceFull=False changed=False
[RowDecide] r=59 ver=1 cached=1 dirty=False forceFull=False changed=False
[RowDecide] r=60 ver=1 cached=1 dirty=False forceFull=False changed=False
[RowDecide] r=61 ver=1 cached=1 dirty=False forceFull=False changed=False
[RowDecide] r=62 ver=1 cached=1 dirty=False forceFull=False changed=False
[RowDecide] r=63 ver=1 cached=1 dirty=False forceFull=False changed=False
[RowDecide] r=64 ver=1 cached=1 dirty=False forceFull=False changed=False
[RowDecide] r=65 ver=1 cached=1 dirty=False forceFull=False changed=False
[RowDecide] r=66 ver=1 cached=1 dirty=False forceFull=False changed=False
[RowDecide] r=67 ver=1 cached=1 dirty=False forceFull=False changed=False
[RowDecide] r=68 ver=1 cached=1 dirty=False forceFull=False changed=False
[RowDecide] r=69 ver=1 cached=1 dirty=False forceFull=False changed=False
[RowDecide] r=70 ver=1 cached=1 dirty=False forceFull=False changed=False
[RowDecide] r=71 ver=1 cached=1 dirty=False forceFull=False changed=False
[RowDecide] r=72 ver=1 cached=1 dirty=False forceFull=False changed=False
[RowDecide] r=73 ver=1 cached=1 dirty=False forceFull=False changed=False
[RowDecide] r=74 ver=1 cached=1 dirty=False forceFull=False changed=False
[RowDecide] r=75 ver=1 cached=1 dirty=False forceFull=False changed=False
[RowDecide] r=76 ver=1 cached=1 dirty=False forceFull=False changed=False
[RowDecide] r=77 ver=1 cached=1 dirty=False forceFull=False changed=False
[RowDecide] r=78 ver=1 cached=1 dirty=False forceFull=False changed=False
[FrontDump] wrote /home/dom/projects/dotnet-term/artifacts/frontbuf_20260108_235700_3.png
[FrontDump] wrote sidecar /home/dom/projects/dotnet-term/artifacts/frontbuf_20260108_235700_3.json
[RowDecide] r=0 ver=3 cached=3 dirty=False forceFull=False changed=False
[RowDecide] r=1 ver=3 cached=3 dirty=False forceFull=False changed=False
[RowDecide] r=2 ver=3 cached=3 dirty=False forceFull=False changed=False
[RowDecide] r=3 ver=3 cached=3 dirty=False forceFull=False changed=False
[RowDecide] r=4 ver=3 cached=3 dirty=False forceFull=False changed=False
[RowDecide] r=5 ver=3 cached=3 dirty=False forceFull=False changed=False
[RowDecide] r=6 ver=3 cached=3 dirty=False forceFull=False changed=False
[RowDecide] r=7 ver=3 cached=3 dirty=False forceFull=False changed=False
[RowDecide] r=8 ver=3 cached=3 dirty=False forceFull=False changed=False
[RowDecide] r=9 ver=3 cached=3 dirty=False forceFull=False changed=False
[RowDecide] r=10 ver=3 cached=3 dirty=False forceFull=False changed=False
[RowDecide] r=11 ver=3 cached=3 dirty=False forceFull=False changed=False
[RowDecide] r=12 ver=3 cached=3 dirty=False forceFull=False changed=False
[RowDecide] r=13 ver=3 cached=3 dirty=False forceFull=False changed=False
[RowDecide] r=14 ver=3 cached=3 dirty=False forceFull=False changed=False
[RowDecide] r=15 ver=3 cached=3 dirty=False forceFull=False changed=False
[RowDecide] r=16 ver=3 cached=3 dirty=False forceFull=False changed=False
[RowDecide] r=17 ver=3 cached=3 dirty=False forceFull=False changed=False
[RowDecide] r=18 ver=3 cached=3 dirty=False forceFull=False changed=False
[RowDecide] r=19 ver=3 cached=3 dirty=False forceFull=False changed=False
[RowDecide] r=20 ver=3 cached=3 dirty=False forceFull=False changed=False
[RowDecide] r=21 ver=3 cached=3 dirty=False forceFull=False changed=False
[RowDecide] r=22 ver=3 cached=3 dirty=False forceFull=False changed=False
[RowDecide] r=23 ver=3 cached=3 dirty=False forceFull=False changed=False
[RowDecide] r=24 ver=2 cached=2 dirty=False forceFull=False changed=False
[RowDecide] r=25 ver=2 cached=2 dirty=False forceFull=False changed=False
[RowDecide] r=26 ver=2 cached=2 dirty=False forceFull=False changed=False
[RowDecide] r=27 ver=2 cached=2 dirty=False forceFull=False changed=False
[RowDecide] r=28 ver=2 cached=2 dirty=False forceFull=False changed=False
[RowDecide] r=29 ver=2 cached=2 dirty=False forceFull=False changed=False
[RowDecide] r=30 ver=2 cached=2 dirty=False forceFull=False changed=False
[RowDecide] r=31 ver=2 cached=2 dirty=False forceFull=False changed=False
[RowDecide] r=32 ver=2 cached=2 dirty=False forceFull=False changed=False
[RowDecide] r=33 ver=2 cached=2 dirty=False forceFull=False changed=False
[RowDecide] r=34 ver=1 cached=1 dirty=False forceFull=False changed=False
[RowDecide] r=35 ver=1 cached=1 dirty=False forceFull=False changed=False
[RowDecide] r=36 ver=1 cached=1 dirty=False forceFull=False changed=False
[RowDecide] r=37 ver=1 cached=1 dirty=False forceFull=False changed=False
[RowDecide] r=38 ver=1 cached=1 dirty=False forceFull=False changed=False
[RowDecide] r=39 ver=1 cached=1 dirty=False forceFull=False changed=False
[RowDecide] r=40 ver=1 cached=1 dirty=False forceFull=False changed=False
[RowDecide] r=41 ver=1 cached=1 dirty=False forceFull=False changed=False
[RowDecide] r=42 ver=1 cached=1 dirty=False forceFull=False changed=False
[RowDecide] r=43 ver=1 cached=1 dirty=False forceFull=False changed=False
[RowDecide] r=44 ver=1 cached=1 dirty=False forceFull=False changed=False
[RowDecide] r=45 ver=1 cached=1 dirty=False forceFull=False changed=False
[RowDecide] r=46 ver=1 cached=1 dirty=False forceFull=False changed=False
[RowDecide] r=47 ver=1 cached=1 dirty=False forceFull=False changed=False
[RowDecide] r=48 ver=1 cached=1 dirty=False forceFull=False changed=False
[RowDecide] r=49 ver=1 cached=1 dirty=False forceFull=False changed=False
[RowDecide] r=50 ver=1 cached=1 dirty=False forceFull=False changed=False
[RowDecide] r=51 ver=1 cached=1 dirty=False forceFull=False changed=False
[RowDecide] r=52 ver=1 cached=1 dirty=False forceFull=False changed=False
[RowDecide] r=53 ver=1 cached=1 dirty=False forceFull=False changed=False
[RowDecide] r=54 ver=1 cached=1 dirty=False forceFull=False changed=False
[RowDecide] r=55 ver=1 cached=1 dirty=False forceFull=False changed=False
[RowDecide] r=56 ver=1 cached=1 dirty=False forceFull=False changed=False
[RowDecide] r=57 ver=1 cached=1 dirty=False forceFull=False changed=False
[RowDecide] r=58 ver=1 cached=1 dirty=False forceFull=False changed=False
[RowDecide] r=59 ver=1 cached=1 dirty=False forceFull=False changed=False
[RowDecide] r=60 ver=1 cached=1 dirty=False forceFull=False changed=False
[RowDecide] r=61 ver=1 cached=1 dirty=False forceFull=False changed=False
[RowDecide] r=62 ver=1 cached=1 dirty=False forceFull=False changed=False
[RowDecide] r=63 ver=1 cached=1 dirty=False forceFull=False changed=False
[RowDecide] r=64 ver=1 cached=1 dirty=False forceFull=False changed=False
[RowDecide] r=65 ver=1 cached=1 dirty=False forceFull=False changed=False
[RowDecide] r=66 ver=1 cached=1 dirty=False forceFull=False changed=False
[RowDecide] r=67 ver=1 cached=1 dirty=False forceFull=False changed=False
[RowDecide] r=68 ver=1 cached=1 dirty=False forceFull=False changed=False
[RowDecide] r=69 ver=1 cached=1 dirty=False forceFull=False changed=False
[RowDecide] r=70 ver=1 cached=1 dirty=False forceFull=False changed=False
[RowDecide] r=71 ver=1 cached=1 dirty=False forceFull=False changed=False
[RowDecide] r=72 ver=1 cached=1 dirty=False forceFull=False changed=False
[RowDecide] r=73 ver=1 cached=1 dirty=False forceFull=False changed=False
[RowDecide] r=74 ver=1 cached=1 dirty=False forceFull=False changed=False
[RowDecide] r=75 ver=1 cached=1 dirty=False forceFull=False changed=False
[RowDecide] r=76 ver=1 cached=1 dirty=False forceFull=False changed=False
[RowDecide] r=77 ver=1 cached=1 dirty=False forceFull=False changed=False
[RowDecide] r=78 ver=1 cached=1 dirty=False forceFull=False changed=False
[FrontDump] wrote /home/dom/projects/dotnet-term/artifacts/frontbuf_20260108_235700_4.png
[FrontDump] wrote sidecar /home/dom/projects/dotnet-term/artifacts/frontbuf_20260108_235700_4.json
