[ScrollGen] MarkAllRowsDirty -> 1
[ScrollGen] ClearScreen -> 2
[ScrollGen] MarkAllRowsDirty -> 3
[ScrollGen] ClearScreen -> 4
[ScrollGen] MarkAllRowsDirty -> 1
[ScrollGen] ClearScreen -> 2
[ScrollGen] MarkAllRowsDirty -> 3
[ScrollGen] MarkAllRowsDirty -> 4
[MarkRowDirty] row=0 version=3 coalesced=True
[MarkRowDirty] row=0 version=3 coalesced=True
[MarkRowDirty] row=0 version=3 coalesced=True
[MarkRowDirty] row=0 version=3 coalesced=True
[MarkRowDirty] row=0 version=3 coalesced=True
[MarkRowDirty] row=0 version=3 coalesced=True
[MarkRowDirty] row=0 version=3 coalesced=True
[MarkRowDirty] row=0 version=3 coalesced=True
[MarkRowDirty] row=0 version=3 coalesced=True
[MarkRowDirty] row=0 version=3 coalesced=True
[MarkRowDirty] row=0 version=3 coalesced=True
[MarkRowDirty] row=0 version=3 coalesced=True
[MarkRowDirty] row=0 version=3 coalesced=True
[MarkRowDirty] row=0 version=3 coalesced=True
[MarkRowDirty] row=0 version=3 coalesced=True
[MarkRowDirty] row=0 version=3 coalesced=True
[MarkRowDirty] row=0 version=3 coalesced=True
[MarkRowDirty] row=0 version=3 coalesced=True
[MarkRowDirty] row=0 version=3 coalesced=True
[MarkRowDirty] row=0 version=3 coalesced=True
[MarkRowDirty] row=0 version=3 coalesced=True
[MarkRowDirty] row=0 version=3 coalesced=True
[MarkRowDirty] row=0 version=3 coalesced=True
[MarkRowDirty] row=0 version=3 coalesced=True
[MarkRowDirty] row=0 version=3 coalesced=True
[MarkRowDirty] row=0 version=3 coalesced=True
[MarkRowDirty] row=0 version=3 coalesced=True
[MarkRowDirty] row=0 version=3 coalesced=True
[MarkRowDirty] row=0 version=3 coalesced=True
[MarkRowDirty] row=0 version=3 coalesced=True
[MarkRowDirty] row=0 version=3 coalesced=True
[MarkRowDirty] row=0 version=3 coalesced=True
[MarkRowDirty] row=0 version=3 coalesced=True
[MarkRowDirty] row=0 version=3 coalesced=True
[MarkRowDirty] row=0 version=3 coalesced=True
[MarkRowDirty] row=0 version=3 coalesced=True
[MarkRowDirty] row=0 version=3 coalesced=True
[MarkRowDirty] row=0 version=3 coalesced=True
[MarkRowDirty] row=0 version=3 coalesced=True
[MarkRowDirty] row=0 version=3 coalesced=True
[MarkRowDirty] row=0 version=3 coalesced=True
[MarkRowDirty] row=0 version=3 coalesced=True
[MarkRowDirty] row=0 version=3 coalesced=True
[MarkRowDirty] row=0 version=3 coalesced=True
[MarkRowDirty] row=0 version=3 coalesced=True
[MarkRowDirty] row=0 version=3 coalesced=True
[MarkRowDirty] row=0 version=3 coalesced=True
[MarkRowDirty] row=0 version=3 coalesced=True
[MarkRowDirty] row=0 version=3 coalesced=True
[MarkRowDirty] row=0 version=3 coalesced=True
[MarkRowDirty] row=0 version=3 coalesced=True
[MarkRowDirty] row=0 version=3 coalesced=True
[MarkRowDirty] row=0 version=3 coalesced=True
[MarkRowDirty] row=0 version=3 coalesced=True
[MarkRowDirty] row=0 version=3 coalesced=True
[MarkRowDirty] row=0 version=3 coalesced=True
[MarkRowDirty] row=0 version=3 coalesced=True
[MarkRowDirty] row=0 version=3 coalesced=True
[MarkRowDirty] row=0 version=3 coalesced=True
[MarkRowDirty] row=0 version=3 coalesced=True
[MarkRowDirty] row=0 version=3 coalesced=True
[MarkRowDirty] row=0 version=3 coalesced=True
[MarkRowDirty] row=0 version=3 coalesced=True
[MarkRowDirty] row=0 version=3 coalesced=True
[MarkRowDirty] row=0 version=3 coalesced=True
[MarkRowDirty] row=0 version=3 coalesced=True
[MarkRowDirty] row=0 version=3 coalesced=True
[MarkRowDirty] row=0 version=3 coalesced=True
[MarkRowDirty] row=0 version=3 coalesced=True
[MarkRowDirty] row=0 version=3 coalesced=True
[MarkRowDirty] row=0 version=3 coalesced=True
[MarkRowDirty] row=0 version=3 coalesced=True
[MarkRowDirty] row=0 version=3 coalesced=True
[MarkRowDirty] row=0 version=3 coalesced=True
[MarkRowDirty] row=0 version=3 coalesced=True
[MarkRowDirty] row=0 version=3 coalesced=True
[MarkRowDirty] row=0 version=3 coalesced=True
[MarkRowDirty] row=0 version=3 coalesced=True
[MarkRowDirty] row=0 version=3 coalesced=True
[MarkRowDirty] row=0 version=3 coalesced=True
[MarkRowDirty] row=0 version=3 coalesced=True
[MarkRowDirty] row=0 version=3 coalesced=True
[MarkRowDirty] row=0 version=3 coalesced=True
[MarkRowDirty] row=0 version=3 coalesced=True
[MarkRowDirty] row=0 version=3 coalesced=True
[MarkRowDirty] row=0 version=3 coalesced=True
[MarkRowDirty] row=0 version=3 coalesced=True
[MarkRowDirty] row=0 version=3 coalesced=True
[MarkRowDirty] row=0 version=3 coalesced=True
[MarkRowDirty] row=0 version=3 coalesced=True
[MarkRowDirty] row=0 version=3 coalesced=True
[MarkRowDirty] row=0 version=3 coalesced=True
[MarkRowDirty] row=0 version=3 coalesced=True
[MarkRowDirty] row=0 version=3 coalesced=True
[MarkRowDirty] row=0 version=3 coalesced=True
[MarkRowDirty] row=0 version=3 coalesced=True
[MarkRowDirty] row=0 version=3 coalesced=True
[MarkRowDirty] row=0 version=3 coalesced=True
[MarkRowDirty] row=0 version=3 coalesced=True
[MarkRowDirty] row=0 version=3 coalesced=True
[MarkRowDirty] row=0 version=3 coalesced=True
[MarkRowDirty] row=0 version=3 coalesced=True
[MarkRowDirty] row=0 version=3 coalesced=True
[MarkRowDirty] row=0 version=3 coalesced=True
[MarkRowDirty] row=0 version=3 coalesced=True
[MarkRowDirty] row=0 version=3 coalesced=True
[MarkRowDirty] row=0 version=3 coalesced=True
[MarkRowDirty] row=0 version=3 coalesced=True
[MarkRowDirty] row=0 version=3 coalesced=True
[MarkRowDirty] row=0 version=3 coalesced=True
[MarkRowDirty] row=0 version=3 coalesced=True
[MarkRowDirty] row=0 version=3 coalesced=True
[MarkRowDirty] row=0 version=3 coalesced=True
[MarkRowDirty] row=0 version=3 coalesced=True
[MarkRowDirty] row=0 version=3 coalesced=True
[MarkRowDirty] row=0 version=3 coalesced=True
[MarkRowDirty] row=0 version=3 coalesced=True
[MarkRowDirty] row=0 version=3 coalesced=True
[MarkRowDirty] row=0 version=3 coalesced=True
[MarkRowDirty] row=0 version=3 coalesced=True
[MarkRowDirty] row=0 version=3 coalesced=True
[MarkRowDirty] row=0 version=3 coalesced=True
[MarkRowDirty] row=0 version=3 coalesced=True
[MarkRowDirty] row=0 version=3 coalesced=True
[MarkRowDirty] row=0 version=3 coalesced=True
[MarkRowDirty] row=0 version=3 coalesced=True
[MarkRowDirty] row=0 version=3 coalesced=True
[MarkRowDirty] row=0 version=3 coalesced=True
[MarkRowDirty] row=0 version=3 coalesced=True
[MarkRowDirty] row=0 version=3 coalesced=True
[MarkRowDirty] row=0 version=3 coalesced=True
[MarkRowDirty] row=0 version=3 coalesced=True
[MarkRowDirty] row=0 version=3 coalesced=True
[MarkRowDirty] row=0 version=3 coalesced=True
[MarkRowDirty] row=0 version=3 coalesced=True
[MarkRowDirty] row=0 version=3 coalesced=True
[MarkRowDirty] row=0 version=3 coalesced=True
[MarkRowDirty] row=0 version=3 coalesced=True
[MarkRowDirty] row=0 version=3 coalesced=True
[MarkRowDirty] row=0 version=3 coalesced=True
[MarkRowDirty] row=0 version=3 coalesced=True
[MarkRowDirty] row=0 version=3 coalesced=True
[MarkRowDirty] row=0 version=3 coalesced=True
[MarkRowDirty] row=0 version=3 coalesced=True
[MarkRowDirty] row=0 version=3 coalesced=True
[MarkRowDirty] row=0 version=3 coalesced=True
[MarkRowDirty] row=0 version=3 coalesced=True
[MarkRowDirty] row=0 version=3 coalesced=True
[MarkRowDirty] row=0 version=3 coalesced=True
[MarkRowDirty] row=0 version=3 coalesced=True
[MarkRowDirty] row=0 version=3 coalesced=True
[RenderEx] System.IndexOutOfRangeException: Index was outside the bounds of the array.
   at Dotty.App.Rendering.TerminalFrameComposer.RenderTo(SKCanvas target, TerminalBuffer buffer, GlyphAtlas atlas, SKPaint paint, Single cellW, Single cellH) in /home/dom/projects/dotnet-term/src/Dotty.App/Controls/Canvas/Rendering/TerminalFrameComposer.cs:line 169
[CSI SGR] params='0'
[CSI SGR] params='27'
[CSI SGR] params='24'
[CSI J] params='' final='J'
[CSI SGR] params='1;32'
[MarkRowDirty] row=1 version=3 coalesced=True
[MarkRowDirty] row=1 version=3 coalesced=True
[MarkRowDirty] row=1 version=3 coalesced=True
[CSI SGR] params='0'
[CSI SGR] params='42;30'
[MarkRowDirty] row=1 version=3 coalesced=True
[MarkRowDirty] row=1 version=3 coalesced=True
[MarkRowDirty] row=1 version=3 coalesced=True
[MarkRowDirty] row=1 version=3 coalesced=True
[MarkRowDirty] row=1 version=3 coalesced=True
[MarkRowDirty] row=1 version=3 coalesced=True
[MarkRowDirty] row=1 version=3 coalesced=True
[MarkRowDirty] row=1 version=3 coalesced=True
[MarkRowDirty] row=1 version=3 coalesced=True
[MarkRowDirty] row=1 version=3 coalesced=True
[MarkRowDirty] row=1 version=3 coalesced=True
[MarkRowDirty] row=1 version=3 coalesced=True
[MarkRowDirty] row=1 version=3 coalesced=True
[MarkRowDirty] row=1 version=3 coalesced=True
[MarkRowDirty] row=1 version=3 coalesced=True
[CSI SGR] params='0'
[CSI SGR] params='1;32'
[MarkRowDirty] row=1 version=3 coalesced=True
[CSI SGR] params='0'
[MarkRowDirty] row=1 version=3 coalesced=True
[MarkRowDirty] row=1 version=3 coalesced=True
[MarkRowDirty] row=1 version=3 coalesced=True
[CSI SGR] params='1;32'
[MarkRowDirty] row=1 version=3 coalesced=True
[CSI SGR] params='0'
[CSI SGR] params='42;30'
[MarkRowDirty] row=1 version=3 coalesced=True
[MarkRowDirty] row=1 version=3 coalesced=True
[MarkRowDirty] row=1 version=3 coalesced=True
[MarkRowDirty] row=1 version=3 coalesced=True
[MarkRowDirty] row=1 version=3 coalesced=True
[MarkRowDirty] row=1 version=3 coalesced=True
[CSI SGR] params='0'
[CSI SGR] params='1;32'
[MarkRowDirty] row=1 version=3 coalesced=True
[MarkRowDirty] row=1 version=3 coalesced=True
[CSI SGR] params='0'
[LF] move down cursor=(1,0) region=(0,78)
[CSI SGR] params='1;32'
[MarkRowDirty] row=2 version=3 coalesced=True
[MarkRowDirty] row=2 version=3 coalesced=True
[MarkRowDirty] row=2 version=3 coalesced=True
[MarkRowDirty] row=2 version=3 coalesced=True
[MarkRowDirty] row=2 version=3 coalesced=True
[MarkRowDirty] row=2 version=3 coalesced=True
[CSI SGR] params='0'
[MarkRowDirty] row=2 version=3 coalesced=True
[MarkRowDirty] row=2 version=3 coalesced=True
[CSI K] params='' final='K'
[EraseLine] row=2 mode=0
[MarkRowDirty] row=2 version=3 coalesced=True
[CSI mode h] params='?1'
[CSI mode h] params='?2004'
[RowDecide] r=0 ver=3 cached=-1 dirty=True forceFull=False changed=True
[Blit] r=0 srcHash=57902434 dstY=0
[RowDecide] r=1 ver=3 cached=-1 dirty=True forceFull=False changed=True
[Blit] r=1 srcHash=25189593 dstY=20
[RowDecide] r=2 ver=3 cached=-1 dirty=True forceFull=False changed=True
[Blit] r=2 srcHash=26140383 dstY=40
[RowDecide] r=3 ver=3 cached=-1 dirty=True forceFull=False changed=True
[Blit] r=3 srcHash=65122748 dstY=60
[RowDecide] r=4 ver=3 cached=-1 dirty=True forceFull=False changed=True
[Blit] r=4 srcHash=52786977 dstY=80
[RowDecide] r=5 ver=3 cached=-1 dirty=True forceFull=False changed=True
[Blit] r=5 srcHash=16782441 dstY=100
[RowDecide] r=6 ver=3 cached=-1 dirty=True forceFull=False changed=True
[Blit] r=6 srcHash=16991442 dstY=120
[RowDecide] r=7 ver=3 cached=-1 dirty=True forceFull=False changed=True
[Blit] r=7 srcHash=25560520 dstY=140
[RowDecide] r=8 ver=3 cached=-1 dirty=True forceFull=False changed=True
[Blit] r=8 srcHash=41348378 dstY=160
[RowDecide] r=9 ver=3 cached=-1 dirty=True forceFull=False changed=True
[Blit] r=9 srcHash=17561922 dstY=180
[RowDecide] r=10 ver=3 cached=-1 dirty=True forceFull=False changed=True
[Blit] r=10 srcHash=48950176 dstY=200
[RowDecide] r=11 ver=3 cached=-1 dirty=True forceFull=False changed=True
[Blit] r=11 srcHash=60800190 dstY=220
[RowDecide] r=12 ver=3 cached=-1 dirty=True forceFull=False changed=True
[Blit] r=12 srcHash=9779853 dstY=240
[RowDecide] r=13 ver=3 cached=-1 dirty=True forceFull=False changed=True
[Blit] r=13 srcHash=65429669 dstY=260
[RowDecide] r=14 ver=3 cached=-1 dirty=True forceFull=False changed=True
[Blit] r=14 srcHash=65370760 dstY=280
[RowDecide] r=15 ver=3 cached=-1 dirty=True forceFull=False changed=True
[Blit] r=15 srcHash=62955487 dstY=300
[RowDecide] r=16 ver=3 cached=-1 dirty=True forceFull=False changed=True
[Blit] r=16 srcHash=31038138 dstY=320
[RowDecide] r=17 ver=3 cached=-1 dirty=True forceFull=False changed=True
[Blit] r=17 srcHash=64604114 dstY=340
[RowDecide] r=18 ver=3 cached=-1 dirty=True forceFull=False changed=True
[Blit] r=18 srcHash=31523018 dstY=360
[RowDecide] r=19 ver=3 cached=-1 dirty=True forceFull=False changed=True
[Blit] r=19 srcHash=17375337 dstY=380
[RowDecide] r=20 ver=3 cached=-1 dirty=True forceFull=False changed=True
[Blit] r=20 srcHash=41300193 dstY=400
[RowDecide] r=21 ver=3 cached=-1 dirty=True forceFull=False changed=True
[Blit] r=21 srcHash=15586314 dstY=420
[RowDecide] r=22 ver=3 cached=-1 dirty=True forceFull=False changed=True
[Blit] r=22 srcHash=35059110 dstY=440
[RowDecide] r=23 ver=3 cached=-1 dirty=True forceFull=False changed=True
[Blit] r=23 srcHash=28137373 dstY=460
[RowDecide] r=24 ver=2 cached=-1 dirty=True forceFull=False changed=True
[Blit] r=24 srcHash=12781633 dstY=480
[RowDecide] r=25 ver=2 cached=-1 dirty=True forceFull=False changed=True
[Blit] r=25 srcHash=54284939 dstY=500
[RowDecide] r=26 ver=2 cached=-1 dirty=True forceFull=False changed=True
[Blit] r=26 srcHash=11090012 dstY=520
[RowDecide] r=27 ver=2 cached=-1 dirty=True forceFull=False changed=True
[Blit] r=27 srcHash=52037308 dstY=540
[RowDecide] r=28 ver=2 cached=-1 dirty=True forceFull=False changed=True
[Blit] r=28 srcHash=53154844 dstY=560
[RowDecide] r=29 ver=2 cached=-1 dirty=True forceFull=False changed=True
[Blit] r=29 srcHash=31864982 dstY=580
[RowDecide] r=30 ver=2 cached=-1 dirty=True forceFull=False changed=True
[Blit] r=30 srcHash=31395883 dstY=600
[RowDecide] r=31 ver=2 cached=-1 dirty=True forceFull=False changed=True
[Blit] r=31 srcHash=12162820 dstY=620
[RowDecide] r=32 ver=2 cached=-1 dirty=True forceFull=False changed=True
[Blit] r=32 srcHash=28913585 dstY=640
[RowDecide] r=33 ver=2 cached=-1 dirty=True forceFull=False changed=True
[Blit] r=33 srcHash=44606316 dstY=660
[RowDecide] r=34 ver=1 cached=-1 dirty=True forceFull=False changed=True
[Blit] r=34 srcHash=16919637 dstY=680
[RowDecide] r=35 ver=1 cached=-1 dirty=True forceFull=False changed=True
[Blit] r=35 srcHash=22616502 dstY=700
[RowDecide] r=36 ver=1 cached=-1 dirty=True forceFull=False changed=True
[Blit] r=36 srcHash=54861376 dstY=720
[RowDecide] r=37 ver=1 cached=-1 dirty=True forceFull=False changed=True
[Blit] r=37 srcHash=34723915 dstY=740
[RowDecide] r=38 ver=1 cached=-1 dirty=True forceFull=False changed=True
[Blit] r=38 srcHash=14394393 dstY=760
[RowDecide] r=39 ver=1 cached=-1 dirty=True forceFull=False changed=True
[Blit] r=39 srcHash=53299218 dstY=780
[RowDecide] r=40 ver=1 cached=-1 dirty=True forceFull=False changed=True
[Blit] r=40 srcHash=37784329 dstY=800
[RowDecide] r=41 ver=1 cached=-1 dirty=True forceFull=False changed=True
[Blit] r=41 srcHash=5653620 dstY=820
[RowDecide] r=42 ver=1 cached=-1 dirty=True forceFull=False changed=True
[Blit] r=42 srcHash=30471863 dstY=840
[RowDecide] r=43 ver=1 cached=-1 dirty=True forceFull=False changed=True
[Blit] r=43 srcHash=41386841 dstY=860
[RowDecide] r=44 ver=1 cached=-1 dirty=True forceFull=False changed=True
[Blit] r=44 srcHash=19138891 dstY=880
[RowDecide] r=45 ver=1 cached=-1 dirty=True forceFull=False changed=True
[Blit] r=45 srcHash=46497064 dstY=900
[RowDecide] r=46 ver=1 cached=-1 dirty=True forceFull=False changed=True
[Blit] r=46 srcHash=27331439 dstY=920
[RowDecide] r=47 ver=1 cached=-1 dirty=True forceFull=False changed=True
[Blit] r=47 srcHash=46847177 dstY=940
[RowDecide] r=48 ver=1 cached=-1 dirty=True forceFull=False changed=True
[Blit] r=48 srcHash=41686088 dstY=960
[RowDecide] r=49 ver=1 cached=-1 dirty=True forceFull=False changed=True
[Blit] r=49 srcHash=31408037 dstY=980
[RowDecide] r=50 ver=1 cached=-1 dirty=True forceFull=False changed=True
[Blit] r=50 srcHash=12661120 dstY=1000
[RowDecide] r=51 ver=1 cached=-1 dirty=True forceFull=False changed=True
[Blit] r=51 srcHash=49343907 dstY=1020
[RowDecide] r=52 ver=1 cached=-1 dirty=True forceFull=False changed=True
[Blit] r=52 srcHash=9834303 dstY=1040
[RowDecide] r=53 ver=1 cached=-1 dirty=True forceFull=False changed=True
[Blit] r=53 srcHash=553260 dstY=1060
[RowDecide] r=54 ver=1 cached=-1 dirty=True forceFull=False changed=True
[Blit] r=54 srcHash=22683692 dstY=1080
[RowDecide] r=55 ver=1 cached=-1 dirty=True forceFull=False changed=True
[Blit] r=55 srcHash=57616168 dstY=1100
[RowDecide] r=56 ver=1 cached=-1 dirty=True forceFull=False changed=True
[Blit] r=56 srcHash=13452656 dstY=1120
[RowDecide] r=57 ver=1 cached=-1 dirty=True forceFull=False changed=True
[Blit] r=57 srcHash=14687998 dstY=1140
[RowDecide] r=58 ver=1 cached=-1 dirty=True forceFull=False changed=True
[Blit] r=58 srcHash=65337010 dstY=1160
[RowDecide] r=59 ver=1 cached=-1 dirty=True forceFull=False changed=True
[Blit] r=59 srcHash=61571734 dstY=1180
[RowDecide] r=60 ver=1 cached=-1 dirty=True forceFull=False changed=True
[Blit] r=60 srcHash=41413147 dstY=1200
[RowDecide] r=61 ver=1 cached=-1 dirty=True forceFull=False changed=True
[Blit] r=61 srcHash=20217433 dstY=1220
[RowDecide] r=62 ver=1 cached=-1 dirty=True forceFull=False changed=True
[Blit] r=62 srcHash=23608402 dstY=1240
[RowDecide] r=63 ver=1 cached=-1 dirty=True forceFull=False changed=True
[Blit] r=63 srcHash=28420398 dstY=1260
[RowDecide] r=64 ver=1 cached=-1 dirty=True forceFull=False changed=True
[Blit] r=64 srcHash=24385663 dstY=1280
[RowDecide] r=65 ver=1 cached=-1 dirty=True forceFull=False changed=True
[Blit] r=65 srcHash=60288126 dstY=1300
[RowDecide] r=66 ver=1 cached=-1 dirty=True forceFull=False changed=True
[Blit] r=66 srcHash=55894092 dstY=1320
[RowDecide] r=67 ver=1 cached=-1 dirty=True forceFull=False changed=True
[Blit] r=67 srcHash=9956401 dstY=1340
[RowDecide] r=68 ver=1 cached=-1 dirty=True forceFull=False changed=True
[Blit] r=68 srcHash=5559262 dstY=1360
[RowDecide] r=69 ver=1 cached=-1 dirty=True forceFull=False changed=True
[Blit] r=69 srcHash=26603182 dstY=1380
[RowDecide] r=70 ver=1 cached=-1 dirty=True forceFull=False changed=True
[Blit] r=70 srcHash=16988639 dstY=1400
[RowDecide] r=71 ver=1 cached=-1 dirty=True forceFull=False changed=True
[Blit] r=71 srcHash=25445597 dstY=1420
[RowDecide] r=72 ver=1 cached=-1 dirty=True forceFull=False changed=True
[Blit] r=72 srcHash=36636535 dstY=1440
[RowDecide] r=73 ver=1 cached=-1 dirty=True forceFull=False changed=True
[Blit] r=73 srcHash=25702951 dstY=1460
[RowDecide] r=74 ver=1 cached=-1 dirty=True forceFull=False changed=True
[Blit] r=74 srcHash=47188045 dstY=1480
[RowDecide] r=75 ver=1 cached=-1 dirty=True forceFull=False changed=True
[Blit] r=75 srcHash=55661683 dstY=1500
[RowDecide] r=76 ver=1 cached=-1 dirty=True forceFull=False changed=True
[Blit] r=76 srcHash=427658 dstY=1520
[RowDecide] r=77 ver=1 cached=-1 dirty=True forceFull=False changed=True
[Blit] r=77 srcHash=17533994 dstY=1540
[RowDecide] r=78 ver=1 cached=-1 dirty=True forceFull=False changed=True
[Blit] r=78 srcHash=47805141 dstY=1560
[FrontDump] wrote /home/dom/projects/dotnet-term/artifacts/frontbuf_20260108_235409_0.png
[FrontDumpSidecarEx] System.InvalidOperationException: Reflection-based serialization has been disabled for this application. Either use the source generator APIs or explicitly configure the 'JsonSerializerOptions.TypeInfoResolver' property.
   at System.Text.Json.ThrowHelper.ThrowInvalidOperationException_JsonSerializerIsReflectionDisabled()
   at System.Text.Json.JsonSerializerOptions.ConfigureForJsonSerializer()
   at System.Text.Json.JsonSerializer.GetTypeInfo(JsonSerializerOptions options, Type inputType)
   at System.Text.Json.JsonSerializer.GetTypeInfo[T](JsonSerializerOptions options)
   at System.Text.Json.JsonSerializer.Serialize[TValue](TValue value, JsonSerializerOptions options)
   at Dotty.App.Rendering.TerminalFrameComposer.RenderTo(SKCanvas target, TerminalBuffer buffer, GlyphAtlas atlas, SKPaint paint, Single cellW, Single cellH) in /home/dom/projects/dotnet-term/src/Dotty.App/Controls/Canvas/Rendering/TerminalFrameComposer.cs:line 286
[RowDecide] r=0 ver=3 cached=3 dirty=False forceFull=False changed=False
[RowDecide] r=1 ver=3 cached=3 dirty=False forceFull=False changed=False
[RowDecide] r=2 ver=3 cached=3 dirty=False forceFull=False changed=False
[RowDecide] r=3 ver=3 cached=3 dirty=False forceFull=False changed=False
[RowDecide] r=4 ver=3 cached=3 dirty=False forceFull=False changed=False
[RowDecide] r=5 ver=3 cached=3 dirty=False forceFull=False changed=False
[RowDecide] r=6 ver=3 cached=3 dirty=False forceFull=False changed=False
[RowDecide] r=7 ver=3 cached=3 dirty=False forceFull=False changed=False
[RowDecide] r=8 ver=3 cached=3 dirty=False forceFull=False changed=False
[RowDecide] r=9 ver=3 cached=3 dirty=False forceFull=False changed=False
[RowDecide] r=10 ver=3 cached=3 dirty=False forceFull=False changed=False
[RowDecide] r=11 ver=3 cached=3 dirty=False forceFull=False changed=False
[RowDecide] r=12 ver=3 cached=3 dirty=False forceFull=False changed=False
[RowDecide] r=13 ver=3 cached=3 dirty=False forceFull=False changed=False
[RowDecide] r=14 ver=3 cached=3 dirty=False forceFull=False changed=False
[RowDecide] r=15 ver=3 cached=3 dirty=False forceFull=False changed=False
[RowDecide] r=16 ver=3 cached=3 dirty=False forceFull=False changed=False
[RowDecide] r=17 ver=3 cached=3 dirty=False forceFull=False changed=False
[RowDecide] r=18 ver=3 cached=3 dirty=False forceFull=False changed=False
[RowDecide] r=19 ver=3 cached=3 dirty=False forceFull=False changed=False
[RowDecide] r=20 ver=3 cached=3 dirty=False forceFull=False changed=False
[RowDecide] r=21 ver=3 cached=3 dirty=False forceFull=False changed=False
[RowDecide] r=22 ver=3 cached=3 dirty=False forceFull=False changed=False
[RowDecide] r=23 ver=3 cached=3 dirty=False forceFull=False changed=False
[RowDecide] r=24 ver=2 cached=2 dirty=False forceFull=False changed=False
[RowDecide] r=25 ver=2 cached=2 dirty=False forceFull=False changed=False
[RowDecide] r=26 ver=2 cached=2 dirty=False forceFull=False changed=False
[RowDecide] r=27 ver=2 cached=2 dirty=False forceFull=False changed=False
[RowDecide] r=28 ver=2 cached=2 dirty=False forceFull=False changed=False
[RowDecide] r=29 ver=2 cached=2 dirty=False forceFull=False changed=False
[RowDecide] r=30 ver=2 cached=2 dirty=False forceFull=False changed=False
[RowDecide] r=31 ver=2 cached=2 dirty=False forceFull=False changed=False
[RowDecide] r=32 ver=2 cached=2 dirty=False forceFull=False changed=False
[RowDecide] r=33 ver=2 cached=2 dirty=False forceFull=False changed=False
[RowDecide] r=34 ver=1 cached=1 dirty=False forceFull=False changed=False
[RowDecide] r=35 ver=1 cached=1 dirty=False forceFull=False changed=False
[RowDecide] r=36 ver=1 cached=1 dirty=False forceFull=False changed=False
[RowDecide] r=37 ver=1 cached=1 dirty=False forceFull=False changed=False
[RowDecide] r=38 ver=1 cached=1 dirty=False forceFull=False changed=False
[RowDecide] r=39 ver=1 cached=1 dirty=False forceFull=False changed=False
[RowDecide] r=40 ver=1 cached=1 dirty=False forceFull=False changed=False
[RowDecide] r=41 ver=1 cached=1 dirty=False forceFull=False changed=False
[RowDecide] r=42 ver=1 cached=1 dirty=False forceFull=False changed=False
[RowDecide] r=43 ver=1 cached=1 dirty=False forceFull=False changed=False
[RowDecide] r=44 ver=1 cached=1 dirty=False forceFull=False changed=False
[RowDecide] r=45 ver=1 cached=1 dirty=False forceFull=False changed=False
[RowDecide] r=46 ver=1 cached=1 dirty=False forceFull=False changed=False
[RowDecide] r=47 ver=1 cached=1 dirty=False forceFull=False changed=False
[RowDecide] r=48 ver=1 cached=1 dirty=False forceFull=False changed=False
[RowDecide] r=49 ver=1 cached=1 dirty=False forceFull=False changed=False
[RowDecide] r=50 ver=1 cached=1 dirty=False forceFull=False changed=False
[RowDecide] r=51 ver=1 cached=1 dirty=False forceFull=False changed=False
[RowDecide] r=52 ver=1 cached=1 dirty=False forceFull=False changed=False
[RowDecide] r=53 ver=1 cached=1 dirty=False forceFull=False changed=False
[RowDecide] r=54 ver=1 cached=1 dirty=False forceFull=False changed=False
[RowDecide] r=55 ver=1 cached=1 dirty=False forceFull=False changed=False
[RowDecide] r=56 ver=1 cached=1 dirty=False forceFull=False changed=False
[RowDecide] r=57 ver=1 cached=1 dirty=False forceFull=False changed=False
[RowDecide] r=58 ver=1 cached=1 dirty=False forceFull=False changed=False
[RowDecide] r=59 ver=1 cached=1 dirty=False forceFull=False changed=False
[RowDecide] r=60 ver=1 cached=1 dirty=False forceFull=False changed=False
[RowDecide] r=61 ver=1 cached=1 dirty=False forceFull=False changed=False
[RowDecide] r=62 ver=1 cached=1 dirty=False forceFull=False changed=False
[RowDecide] r=63 ver=1 cached=1 dirty=False forceFull=False changed=False
[RowDecide] r=64 ver=1 cached=1 dirty=False forceFull=False changed=False
[RowDecide] r=65 ver=1 cached=1 dirty=False forceFull=False changed=False
[RowDecide] r=66 ver=1 cached=1 dirty=False forceFull=False changed=False
[RowDecide] r=67 ver=1 cached=1 dirty=False forceFull=False changed=False
[RowDecide] r=68 ver=1 cached=1 dirty=False forceFull=False changed=False
[RowDecide] r=69 ver=1 cached=1 dirty=False forceFull=False changed=False
[RowDecide] r=70 ver=1 cached=1 dirty=False forceFull=False changed=False
[RowDecide] r=71 ver=1 cached=1 dirty=False forceFull=False changed=False
[RowDecide] r=72 ver=1 cached=1 dirty=False forceFull=False changed=False
[RowDecide] r=73 ver=1 cached=1 dirty=False forceFull=False changed=False
[RowDecide] r=74 ver=1 cached=1 dirty=False forceFull=False changed=False
[RowDecide] r=75 ver=1 cached=1 dirty=False forceFull=False changed=False
[RowDecide] r=76 ver=1 cached=1 dirty=False forceFull=False changed=False
[RowDecide] r=77 ver=1 cached=1 dirty=False forceFull=False changed=False
[RowDecide] r=78 ver=1 cached=1 dirty=False forceFull=False changed=False
[FrontDump] wrote /home/dom/projects/dotnet-term/artifacts/frontbuf_20260108_235409_1.png
[FrontDumpSidecarEx] System.InvalidOperationException: Reflection-based serialization has been disabled for this application. Either use the source generator APIs or explicitly configure the 'JsonSerializerOptions.TypeInfoResolver' property.
   at System.Text.Json.ThrowHelper.ThrowInvalidOperationException_JsonSerializerIsReflectionDisabled()
   at System.Text.Json.JsonSerializerOptions.ConfigureForJsonSerializer()
   at System.Text.Json.JsonSerializer.GetTypeInfo(JsonSerializerOptions options, Type inputType)
   at System.Text.Json.JsonSerializer.GetTypeInfo[T](JsonSerializerOptions options)
   at System.Text.Json.JsonSerializer.Serialize[TValue](TValue value, JsonSerializerOptions options)
   at Dotty.App.Rendering.TerminalFrameComposer.RenderTo(SKCanvas target, TerminalBuffer buffer, GlyphAtlas atlas, SKPaint paint, Single cellW, Single cellH) in /home/dom/projects/dotnet-term/src/Dotty.App/Controls/Canvas/Rendering/TerminalFrameComposer.cs:line 286
[RowDecide] r=0 ver=3 cached=3 dirty=False forceFull=False changed=False
[RowDecide] r=1 ver=3 cached=3 dirty=False forceFull=False changed=False
[RowDecide] r=2 ver=3 cached=3 dirty=False forceFull=False changed=False
[RowDecide] r=3 ver=3 cached=3 dirty=False forceFull=False changed=False
[RowDecide] r=4 ver=3 cached=3 dirty=False forceFull=False changed=False
[RowDecide] r=5 ver=3 cached=3 dirty=False forceFull=False changed=False
[RowDecide] r=6 ver=3 cached=3 dirty=False forceFull=False changed=False
[RowDecide] r=7 ver=3 cached=3 dirty=False forceFull=False changed=False
[RowDecide] r=8 ver=3 cached=3 dirty=False forceFull=False changed=False
[RowDecide] r=9 ver=3 cached=3 dirty=False forceFull=False changed=False
[RowDecide] r=10 ver=3 cached=3 dirty=False forceFull=False changed=False
[RowDecide] r=11 ver=3 cached=3 dirty=False forceFull=False changed=False
[RowDecide] r=12 ver=3 cached=3 dirty=False forceFull=False changed=False
[RowDecide] r=13 ver=3 cached=3 dirty=False forceFull=False changed=False
[RowDecide] r=14 ver=3 cached=3 dirty=False forceFull=False changed=False
[RowDecide] r=15 ver=3 cached=3 dirty=False forceFull=False changed=False
[RowDecide] r=16 ver=3 cached=3 dirty=False forceFull=False changed=False
[RowDecide] r=17 ver=3 cached=3 dirty=False forceFull=False changed=False
[RowDecide] r=18 ver=3 cached=3 dirty=False forceFull=False changed=False
[RowDecide] r=19 ver=3 cached=3 dirty=False forceFull=False changed=False
[RowDecide] r=20 ver=3 cached=3 dirty=False forceFull=False changed=False
[RowDecide] r=21 ver=3 cached=3 dirty=False forceFull=False changed=False
[RowDecide] r=22 ver=3 cached=3 dirty=False forceFull=False changed=False
[RowDecide] r=23 ver=3 cached=3 dirty=False forceFull=False changed=False
[RowDecide] r=24 ver=2 cached=2 dirty=False forceFull=False changed=False
[RowDecide] r=25 ver=2 cached=2 dirty=False forceFull=False changed=False
[RowDecide] r=26 ver=2 cached=2 dirty=False forceFull=False changed=False
[RowDecide] r=27 ver=2 cached=2 dirty=False forceFull=False changed=False
[RowDecide] r=28 ver=2 cached=2 dirty=False forceFull=False changed=False
[RowDecide] r=29 ver=2 cached=2 dirty=False forceFull=False changed=False
[RowDecide] r=30 ver=2 cached=2 dirty=False forceFull=False changed=False
[RowDecide] r=31 ver=2 cached=2 dirty=False forceFull=False changed=False
[RowDecide] r=32 ver=2 cached=2 dirty=False forceFull=False changed=False
[RowDecide] r=33 ver=2 cached=2 dirty=False forceFull=False changed=False
[RowDecide] r=34 ver=1 cached=1 dirty=False forceFull=False changed=False
[RowDecide] r=35 ver=1 cached=1 dirty=False forceFull=False changed=False
[RowDecide] r=36 ver=1 cached=1 dirty=False forceFull=False changed=False
[RowDecide] r=37 ver=1 cached=1 dirty=False forceFull=False changed=False
[RowDecide] r=38 ver=1 cached=1 dirty=False forceFull=False changed=False
[RowDecide] r=39 ver=1 cached=1 dirty=False forceFull=False changed=False
[RowDecide] r=40 ver=1 cached=1 dirty=False forceFull=False changed=False
[RowDecide] r=41 ver=1 cached=1 dirty=False forceFull=False changed=False
[RowDecide] r=42 ver=1 cached=1 dirty=False forceFull=False changed=False
[RowDecide] r=43 ver=1 cached=1 dirty=False forceFull=False changed=False
[RowDecide] r=44 ver=1 cached=1 dirty=False forceFull=False changed=False
[RowDecide] r=45 ver=1 cached=1 dirty=False forceFull=False changed=False
[RowDecide] r=46 ver=1 cached=1 dirty=False forceFull=False changed=False
[RowDecide] r=47 ver=1 cached=1 dirty=False forceFull=False changed=False
[RowDecide] r=48 ver=1 cached=1 dirty=False forceFull=False changed=False
[RowDecide] r=49 ver=1 cached=1 dirty=False forceFull=False changed=False
[RowDecide] r=50 ver=1 cached=1 dirty=False forceFull=False changed=False
[RowDecide] r=51 ver=1 cached=1 dirty=False forceFull=False changed=False
[RowDecide] r=52 ver=1 cached=1 dirty=False forceFull=False changed=False
[RowDecide] r=53 ver=1 cached=1 dirty=False forceFull=False changed=False
[RowDecide] r=54 ver=1 cached=1 dirty=False forceFull=False changed=False
[RowDecide] r=55 ver=1 cached=1 dirty=False forceFull=False changed=False
[RowDecide] r=56 ver=1 cached=1 dirty=False forceFull=False changed=False
[RowDecide] r=57 ver=1 cached=1 dirty=False forceFull=False changed=False
[RowDecide] r=58 ver=1 cached=1 dirty=False forceFull=False changed=False
[RowDecide] r=59 ver=1 cached=1 dirty=False forceFull=False changed=False
[RowDecide] r=60 ver=1 cached=1 dirty=False forceFull=False changed=False
[RowDecide] r=61 ver=1 cached=1 dirty=False forceFull=False changed=False
[RowDecide] r=62 ver=1 cached=1 dirty=False forceFull=False changed=False
[RowDecide] r=63 ver=1 cached=1 dirty=False forceFull=False changed=False
[RowDecide] r=64 ver=1 cached=1 dirty=False forceFull=False changed=False
[RowDecide] r=65 ver=1 cached=1 dirty=False forceFull=False changed=False
[RowDecide] r=66 ver=1 cached=1 dirty=False forceFull=False changed=False
[RowDecide] r=67 ver=1 cached=1 dirty=False forceFull=False changed=False
[RowDecide] r=68 ver=1 cached=1 dirty=False forceFull=False changed=False
[RowDecide] r=69 ver=1 cached=1 dirty=False forceFull=False changed=False
[RowDecide] r=70 ver=1 cached=1 dirty=False forceFull=False changed=False
[RowDecide] r=71 ver=1 cached=1 dirty=False forceFull=False changed=False
[RowDecide] r=72 ver=1 cached=1 dirty=False forceFull=False changed=False
[RowDecide] r=73 ver=1 cached=1 dirty=False forceFull=False changed=False
[RowDecide] r=74 ver=1 cached=1 dirty=False forceFull=False changed=False
[RowDecide] r=75 ver=1 cached=1 dirty=False forceFull=False changed=False
[RowDecide] r=76 ver=1 cached=1 dirty=False forceFull=False changed=False
[RowDecide] r=77 ver=1 cached=1 dirty=False forceFull=False changed=False
[RowDecide] r=78 ver=1 cached=1 dirty=False forceFull=False changed=False
[FrontDump] wrote /home/dom/projects/dotnet-term/artifacts/frontbuf_20260108_235409_2.png
[FrontDumpSidecarEx] System.InvalidOperationException: Reflection-based serialization has been disabled for this application. Either use the source generator APIs or explicitly configure the 'JsonSerializerOptions.TypeInfoResolver' property.
   at System.Text.Json.ThrowHelper.ThrowInvalidOperationException_JsonSerializerIsReflectionDisabled()
   at System.Text.Json.JsonSerializerOptions.ConfigureForJsonSerializer()
   at System.Text.Json.JsonSerializer.GetTypeInfo(JsonSerializerOptions options, Type inputType)
   at System.Text.Json.JsonSerializer.GetTypeInfo[T](JsonSerializerOptions options)
   at System.Text.Json.JsonSerializer.Serialize[TValue](TValue value, JsonSerializerOptions options)
   at Dotty.App.Rendering.TerminalFrameComposer.RenderTo(SKCanvas target, TerminalBuffer buffer, GlyphAtlas atlas, SKPaint paint, Single cellW, Single cellH) in /home/dom/projects/dotnet-term/src/Dotty.App/Controls/Canvas/Rendering/TerminalFrameComposer.cs:line 286
[RowDecide] r=0 ver=3 cached=3 dirty=False forceFull=False changed=False
[RowDecide] r=1 ver=3 cached=3 dirty=False forceFull=False changed=False
[RowDecide] r=2 ver=3 cached=3 dirty=False forceFull=False changed=False
[RowDecide] r=3 ver=3 cached=3 dirty=False forceFull=False changed=False
[RowDecide] r=4 ver=3 cached=3 dirty=False forceFull=False changed=False
[RowDecide] r=5 ver=3 cached=3 dirty=False forceFull=False changed=False
[RowDecide] r=6 ver=3 cached=3 dirty=False forceFull=False changed=False
[RowDecide] r=7 ver=3 cached=3 dirty=False forceFull=False changed=False
[RowDecide] r=8 ver=3 cached=3 dirty=False forceFull=False changed=False
[RowDecide] r=9 ver=3 cached=3 dirty=False forceFull=False changed=False
[RowDecide] r=10 ver=3 cached=3 dirty=False forceFull=False changed=False
[RowDecide] r=11 ver=3 cached=3 dirty=False forceFull=False changed=False
[RowDecide] r=12 ver=3 cached=3 dirty=False forceFull=False changed=False
[RowDecide] r=13 ver=3 cached=3 dirty=False forceFull=False changed=False
[RowDecide] r=14 ver=3 cached=3 dirty=False forceFull=False changed=False
[RowDecide] r=15 ver=3 cached=3 dirty=False forceFull=False changed=False
[RowDecide] r=16 ver=3 cached=3 dirty=False forceFull=False changed=False
[RowDecide] r=17 ver=3 cached=3 dirty=False forceFull=False changed=False
[RowDecide] r=18 ver=3 cached=3 dirty=False forceFull=False changed=False
[RowDecide] r=19 ver=3 cached=3 dirty=False forceFull=False changed=False
[RowDecide] r=20 ver=3 cached=3 dirty=False forceFull=False changed=False
[RowDecide] r=21 ver=3 cached=3 dirty=False forceFull=False changed=False
[RowDecide] r=22 ver=3 cached=3 dirty=False forceFull=False changed=False
[RowDecide] r=23 ver=3 cached=3 dirty=False forceFull=False changed=False
[RowDecide] r=24 ver=2 cached=2 dirty=False forceFull=False changed=False
[RowDecide] r=25 ver=2 cached=2 dirty=False forceFull=False changed=False
[RowDecide] r=26 ver=2 cached=2 dirty=False forceFull=False changed=False
[RowDecide] r=27 ver=2 cached=2 dirty=False forceFull=False changed=False
[RowDecide] r=28 ver=2 cached=2 dirty=False forceFull=False changed=False
[RowDecide] r=29 ver=2 cached=2 dirty=False forceFull=False changed=False
[RowDecide] r=30 ver=2 cached=2 dirty=False forceFull=False changed=False
[RowDecide] r=31 ver=2 cached=2 dirty=False forceFull=False changed=False
[RowDecide] r=32 ver=2 cached=2 dirty=False forceFull=False changed=False
[RowDecide] r=33 ver=2 cached=2 dirty=False forceFull=False changed=False
[RowDecide] r=34 ver=1 cached=1 dirty=False forceFull=False changed=False
[RowDecide] r=35 ver=1 cached=1 dirty=False forceFull=False changed=False
[RowDecide] r=36 ver=1 cached=1 dirty=False forceFull=False changed=False
[RowDecide] r=37 ver=1 cached=1 dirty=False forceFull=False changed=False
[RowDecide] r=38 ver=1 cached=1 dirty=False forceFull=False changed=False
[RowDecide] r=39 ver=1 cached=1 dirty=False forceFull=False changed=False
[RowDecide] r=40 ver=1 cached=1 dirty=False forceFull=False changed=False
[RowDecide] r=41 ver=1 cached=1 dirty=False forceFull=False changed=False
[RowDecide] r=42 ver=1 cached=1 dirty=False forceFull=False changed=False
[RowDecide] r=43 ver=1 cached=1 dirty=False forceFull=False changed=False
[RowDecide] r=44 ver=1 cached=1 dirty=False forceFull=False changed=False
[RowDecide] r=45 ver=1 cached=1 dirty=False forceFull=False changed=False
[RowDecide] r=46 ver=1 cached=1 dirty=False forceFull=False changed=False
[RowDecide] r=47 ver=1 cached=1 dirty=False forceFull=False changed=False
[RowDecide] r=48 ver=1 cached=1 dirty=False forceFull=False changed=False
[RowDecide] r=49 ver=1 cached=1 dirty=False forceFull=False changed=False
[RowDecide] r=50 ver=1 cached=1 dirty=False forceFull=False changed=False
[RowDecide] r=51 ver=1 cached=1 dirty=False forceFull=False changed=False
[RowDecide] r=52 ver=1 cached=1 dirty=False forceFull=False changed=False
[RowDecide] r=53 ver=1 cached=1 dirty=False forceFull=False changed=False
[RowDecide] r=54 ver=1 cached=1 dirty=False forceFull=False changed=False
[RowDecide] r=55 ver=1 cached=1 dirty=False forceFull=False changed=False
[RowDecide] r=56 ver=1 cached=1 dirty=False forceFull=False changed=False
[RowDecide] r=57 ver=1 cached=1 dirty=False forceFull=False changed=False
[RowDecide] r=58 ver=1 cached=1 dirty=False forceFull=False changed=False
[RowDecide] r=59 ver=1 cached=1 dirty=False forceFull=False changed=False
[RowDecide] r=60 ver=1 cached=1 dirty=False forceFull=False changed=False
[RowDecide] r=61 ver=1 cached=1 dirty=False forceFull=False changed=False
[RowDecide] r=62 ver=1 cached=1 dirty=False forceFull=False changed=False
[RowDecide] r=63 ver=1 cached=1 dirty=False forceFull=False changed=False
[RowDecide] r=64 ver=1 cached=1 dirty=False forceFull=False changed=False
[RowDecide] r=65 ver=1 cached=1 dirty=False forceFull=False changed=False
[RowDecide] r=66 ver=1 cached=1 dirty=False forceFull=False changed=False
[RowDecide] r=67 ver=1 cached=1 dirty=False forceFull=False changed=False
[RowDecide] r=68 ver=1 cached=1 dirty=False forceFull=False changed=False
[RowDecide] r=69 ver=1 cached=1 dirty=False forceFull=False changed=False
[RowDecide] r=70 ver=1 cached=1 dirty=False forceFull=False changed=False
[RowDecide] r=71 ver=1 cached=1 dirty=False forceFull=False changed=False
[RowDecide] r=72 ver=1 cached=1 dirty=False forceFull=False changed=False
[RowDecide] r=73 ver=1 cached=1 dirty=False forceFull=False changed=False
[RowDecide] r=74 ver=1 cached=1 dirty=False forceFull=False changed=False
[RowDecide] r=75 ver=1 cached=1 dirty=False forceFull=False changed=False
[RowDecide] r=76 ver=1 cached=1 dirty=False forceFull=False changed=False
[RowDecide] r=77 ver=1 cached=1 dirty=False forceFull=False changed=False
[RowDecide] r=78 ver=1 cached=1 dirty=False forceFull=False changed=False
[FrontDump] wrote /home/dom/projects/dotnet-term/artifacts/frontbuf_20260108_235410_3.png
[FrontDumpSidecarEx] System.InvalidOperationException: Reflection-based serialization has been disabled for this application. Either use the source generator APIs or explicitly configure the 'JsonSerializerOptions.TypeInfoResolver' property.
   at System.Text.Json.ThrowHelper.ThrowInvalidOperationException_JsonSerializerIsReflectionDisabled()
   at System.Text.Json.JsonSerializerOptions.ConfigureForJsonSerializer()
   at System.Text.Json.JsonSerializer.GetTypeInfo(JsonSerializerOptions options, Type inputType)
   at System.Text.Json.JsonSerializer.GetTypeInfo[T](JsonSerializerOptions options)
   at System.Text.Json.JsonSerializer.Serialize[TValue](TValue value, JsonSerializerOptions options)
   at Dotty.App.Rendering.TerminalFrameComposer.RenderTo(SKCanvas target, TerminalBuffer buffer, GlyphAtlas atlas, SKPaint paint, Single cellW, Single cellH) in /home/dom/projects/dotnet-term/src/Dotty.App/Controls/Canvas/Rendering/TerminalFrameComposer.cs:line 286
[RowDecide] r=0 ver=3 cached=3 dirty=False forceFull=False changed=False
[RowDecide] r=1 ver=3 cached=3 dirty=False forceFull=False changed=False
[RowDecide] r=2 ver=3 cached=3 dirty=False forceFull=False changed=False
[RowDecide] r=3 ver=3 cached=3 dirty=False forceFull=False changed=False
[RowDecide] r=4 ver=3 cached=3 dirty=False forceFull=False changed=False
[RowDecide] r=5 ver=3 cached=3 dirty=False forceFull=False changed=False
[RowDecide] r=6 ver=3 cached=3 dirty=False forceFull=False changed=False
[RowDecide] r=7 ver=3 cached=3 dirty=False forceFull=False changed=False
[RowDecide] r=8 ver=3 cached=3 dirty=False forceFull=False changed=False
[RowDecide] r=9 ver=3 cached=3 dirty=False forceFull=False changed=False
[RowDecide] r=10 ver=3 cached=3 dirty=False forceFull=False changed=False
[RowDecide] r=11 ver=3 cached=3 dirty=False forceFull=False changed=False
[RowDecide] r=12 ver=3 cached=3 dirty=False forceFull=False changed=False
[RowDecide] r=13 ver=3 cached=3 dirty=False forceFull=False changed=False
[RowDecide] r=14 ver=3 cached=3 dirty=False forceFull=False changed=False
[RowDecide] r=15 ver=3 cached=3 dirty=False forceFull=False changed=False
[RowDecide] r=16 ver=3 cached=3 dirty=False forceFull=False changed=False
[RowDecide] r=17 ver=3 cached=3 dirty=False forceFull=False changed=False
[RowDecide] r=18 ver=3 cached=3 dirty=False forceFull=False changed=False
[RowDecide] r=19 ver=3 cached=3 dirty=False forceFull=False changed=False
[RowDecide] r=20 ver=3 cached=3 dirty=False forceFull=False changed=False
[RowDecide] r=21 ver=3 cached=3 dirty=False forceFull=False changed=False
[RowDecide] r=22 ver=3 cached=3 dirty=False forceFull=False changed=False
[RowDecide] r=23 ver=3 cached=3 dirty=False forceFull=False changed=False
[RowDecide] r=24 ver=2 cached=2 dirty=False forceFull=False changed=False
[RowDecide] r=25 ver=2 cached=2 dirty=False forceFull=False changed=False
[RowDecide] r=26 ver=2 cached=2 dirty=False forceFull=False changed=False
[RowDecide] r=27 ver=2 cached=2 dirty=False forceFull=False changed=False
[RowDecide] r=28 ver=2 cached=2 dirty=False forceFull=False changed=False
[RowDecide] r=29 ver=2 cached=2 dirty=False forceFull=False changed=False
[RowDecide] r=30 ver=2 cached=2 dirty=False forceFull=False changed=False
[RowDecide] r=31 ver=2 cached=2 dirty=False forceFull=False changed=False
[RowDecide] r=32 ver=2 cached=2 dirty=False forceFull=False changed=False
[RowDecide] r=33 ver=2 cached=2 dirty=False forceFull=False changed=False
[RowDecide] r=34 ver=1 cached=1 dirty=False forceFull=False changed=False
[RowDecide] r=35 ver=1 cached=1 dirty=False forceFull=False changed=False
[RowDecide] r=36 ver=1 cached=1 dirty=False forceFull=False changed=False
[RowDecide] r=37 ver=1 cached=1 dirty=False forceFull=False changed=False
[RowDecide] r=38 ver=1 cached=1 dirty=False forceFull=False changed=False
[RowDecide] r=39 ver=1 cached=1 dirty=False forceFull=False changed=False
[RowDecide] r=40 ver=1 cached=1 dirty=False forceFull=False changed=False
[RowDecide] r=41 ver=1 cached=1 dirty=False forceFull=False changed=False
[RowDecide] r=42 ver=1 cached=1 dirty=False forceFull=False changed=False
[RowDecide] r=43 ver=1 cached=1 dirty=False forceFull=False changed=False
[RowDecide] r=44 ver=1 cached=1 dirty=False forceFull=False changed=False
[RowDecide] r=45 ver=1 cached=1 dirty=False forceFull=False changed=False
[RowDecide] r=46 ver=1 cached=1 dirty=False forceFull=False changed=False
[RowDecide] r=47 ver=1 cached=1 dirty=False forceFull=False changed=False
[RowDecide] r=48 ver=1 cached=1 dirty=False forceFull=False changed=False
[RowDecide] r=49 ver=1 cached=1 dirty=False forceFull=False changed=False
[RowDecide] r=50 ver=1 cached=1 dirty=False forceFull=False changed=False
[RowDecide] r=51 ver=1 cached=1 dirty=False forceFull=False changed=False
[RowDecide] r=52 ver=1 cached=1 dirty=False forceFull=False changed=False
[RowDecide] r=53 ver=1 cached=1 dirty=False forceFull=False changed=False
[RowDecide] r=54 ver=1 cached=1 dirty=False forceFull=False changed=False
[RowDecide] r=55 ver=1 cached=1 dirty=False forceFull=False changed=False
[RowDecide] r=56 ver=1 cached=1 dirty=False forceFull=False changed=False
[RowDecide] r=57 ver=1 cached=1 dirty=False forceFull=False changed=False
[RowDecide] r=58 ver=1 cached=1 dirty=False forceFull=False changed=False
[RowDecide] r=59 ver=1 cached=1 dirty=False forceFull=False changed=False
[RowDecide] r=60 ver=1 cached=1 dirty=False forceFull=False changed=False
[RowDecide] r=61 ver=1 cached=1 dirty=False forceFull=False changed=False
[RowDecide] r=62 ver=1 cached=1 dirty=False forceFull=False changed=False
[RowDecide] r=63 ver=1 cached=1 dirty=False forceFull=False changed=False
[RowDecide] r=64 ver=1 cached=1 dirty=False forceFull=False changed=False
[RowDecide] r=65 ver=1 cached=1 dirty=False forceFull=False changed=False
[RowDecide] r=66 ver=1 cached=1 dirty=False forceFull=False changed=False
[RowDecide] r=67 ver=1 cached=1 dirty=False forceFull=False changed=False
[RowDecide] r=68 ver=1 cached=1 dirty=False forceFull=False changed=False
[RowDecide] r=69 ver=1 cached=1 dirty=False forceFull=False changed=False
[RowDecide] r=70 ver=1 cached=1 dirty=False forceFull=False changed=False
[RowDecide] r=71 ver=1 cached=1 dirty=False forceFull=False changed=False
[RowDecide] r=72 ver=1 cached=1 dirty=False forceFull=False changed=False
[RowDecide] r=73 ver=1 cached=1 dirty=False forceFull=False changed=False
[RowDecide] r=74 ver=1 cached=1 dirty=False forceFull=False changed=False
[RowDecide] r=75 ver=1 cached=1 dirty=False forceFull=False changed=False
[RowDecide] r=76 ver=1 cached=1 dirty=False forceFull=False changed=False
[RowDecide] r=77 ver=1 cached=1 dirty=False forceFull=False changed=False
[RowDecide] r=78 ver=1 cached=1 dirty=False forceFull=False changed=False
[FrontDump] wrote /home/dom/projects/dotnet-term/artifacts/frontbuf_20260108_235410_4.png
[FrontDumpSidecarEx] System.InvalidOperationException: Reflection-based serialization has been disabled for this application. Either use the source generator APIs or explicitly configure the 'JsonSerializerOptions.TypeInfoResolver' property.
   at System.Text.Json.ThrowHelper.ThrowInvalidOperationException_JsonSerializerIsReflectionDisabled()
   at System.Text.Json.JsonSerializerOptions.ConfigureForJsonSerializer()
   at System.Text.Json.JsonSerializer.GetTypeInfo(JsonSerializerOptions options, Type inputType)
   at System.Text.Json.JsonSerializer.GetTypeInfo[T](JsonSerializerOptions options)
   at System.Text.Json.JsonSerializer.Serialize[TValue](TValue value, JsonSerializerOptions options)
   at Dotty.App.Rendering.TerminalFrameComposer.RenderTo(SKCanvas target, TerminalBuffer buffer, GlyphAtlas atlas, SKPaint paint, Single cellW, Single cellH) in /home/dom/projects/dotnet-term/src/Dotty.App/Controls/Canvas/Rendering/TerminalFrameComposer.cs:line 286
[RowDecide] r=0 ver=3 cached=3 dirty=False forceFull=False changed=False
[RowDecide] r=1 ver=3 cached=3 dirty=False forceFull=False changed=False
[RowDecide] r=2 ver=3 cached=3 dirty=False forceFull=False changed=False
[RowDecide] r=3 ver=3 cached=3 dirty=False forceFull=False changed=False
[RowDecide] r=4 ver=3 cached=3 dirty=False forceFull=False changed=False
[RowDecide] r=5 ver=3 cached=3 dirty=False forceFull=False changed=False
[RowDecide] r=6 ver=3 cached=3 dirty=False forceFull=False changed=False
[RowDecide] r=7 ver=3 cached=3 dirty=False forceFull=False changed=False
[RowDecide] r=8 ver=3 cached=3 dirty=False forceFull=False changed=False
[RowDecide] r=9 ver=3 cached=3 dirty=False forceFull=False changed=False
[RowDecide] r=10 ver=3 cached=3 dirty=False forceFull=False changed=False
[RowDecide] r=11 ver=3 cached=3 dirty=False forceFull=False changed=False
[RowDecide] r=12 ver=3 cached=3 dirty=False forceFull=False changed=False
[RowDecide] r=13 ver=3 cached=3 dirty=False forceFull=False changed=False
[RowDecide] r=14 ver=3 cached=3 dirty=False forceFull=False changed=False
[RowDecide] r=15 ver=3 cached=3 dirty=False forceFull=False changed=False
[RowDecide] r=16 ver=3 cached=3 dirty=False forceFull=False changed=False
[RowDecide] r=17 ver=3 cached=3 dirty=False forceFull=False changed=False
[RowDecide] r=18 ver=3 cached=3 dirty=False forceFull=False changed=False
[RowDecide] r=19 ver=3 cached=3 dirty=False forceFull=False changed=False
[RowDecide] r=20 ver=3 cached=3 dirty=False forceFull=False changed=False
[RowDecide] r=21 ver=3 cached=3 dirty=False forceFull=False changed=False
[RowDecide] r=22 ver=3 cached=3 dirty=False forceFull=False changed=False
[RowDecide] r=23 ver=3 cached=3 dirty=False forceFull=False changed=False
[RowDecide] r=24 ver=2 cached=2 dirty=False forceFull=False changed=False
[RowDecide] r=25 ver=2 cached=2 dirty=False forceFull=False changed=False
[RowDecide] r=26 ver=2 cached=2 dirty=False forceFull=False changed=False
[RowDecide] r=27 ver=2 cached=2 dirty=False forceFull=False changed=False
[RowDecide] r=28 ver=2 cached=2 dirty=False forceFull=False changed=False
[RowDecide] r=29 ver=2 cached=2 dirty=False forceFull=False changed=False
[RowDecide] r=30 ver=2 cached=2 dirty=False forceFull=False changed=False
[RowDecide] r=31 ver=2 cached=2 dirty=False forceFull=False changed=False
[RowDecide] r=32 ver=2 cached=2 dirty=False forceFull=False changed=False
[RowDecide] r=33 ver=2 cached=2 dirty=False forceFull=False changed=False
[RowDecide] r=34 ver=1 cached=1 dirty=False forceFull=False changed=False
[RowDecide] r=35 ver=1 cached=1 dirty=False forceFull=False changed=False
[RowDecide] r=36 ver=1 cached=1 dirty=False forceFull=False changed=False
[RowDecide] r=37 ver=1 cached=1 dirty=False forceFull=False changed=False
[RowDecide] r=38 ver=1 cached=1 dirty=False forceFull=False changed=False
[RowDecide] r=39 ver=1 cached=1 dirty=False forceFull=False changed=False
[RowDecide] r=40 ver=1 cached=1 dirty=False forceFull=False changed=False
[RowDecide] r=41 ver=1 cached=1 dirty=False forceFull=False changed=False
[RowDecide] r=42 ver=1 cached=1 dirty=False forceFull=False changed=False
[RowDecide] r=43 ver=1 cached=1 dirty=False forceFull=False changed=False
[RowDecide] r=44 ver=1 cached=1 dirty=False forceFull=False changed=False
[RowDecide] r=45 ver=1 cached=1 dirty=False forceFull=False changed=False
[RowDecide] r=46 ver=1 cached=1 dirty=False forceFull=False changed=False
[RowDecide] r=47 ver=1 cached=1 dirty=False forceFull=False changed=False
[RowDecide] r=48 ver=1 cached=1 dirty=False forceFull=False changed=False
[RowDecide] r=49 ver=1 cached=1 dirty=False forceFull=False changed=False
[RowDecide] r=50 ver=1 cached=1 dirty=False forceFull=False changed=False
[RowDecide] r=51 ver=1 cached=1 dirty=False forceFull=False changed=False
[RowDecide] r=52 ver=1 cached=1 dirty=False forceFull=False changed=False
[RowDecide] r=53 ver=1 cached=1 dirty=False forceFull=False changed=False
[RowDecide] r=54 ver=1 cached=1 dirty=False forceFull=False changed=False
[RowDecide] r=55 ver=1 cached=1 dirty=False forceFull=False changed=False
[RowDecide] r=56 ver=1 cached=1 dirty=False forceFull=False changed=False
[RowDecide] r=57 ver=1 cached=1 dirty=False forceFull=False changed=False
[RowDecide] r=58 ver=1 cached=1 dirty=False forceFull=False changed=False
[RowDecide] r=59 ver=1 cached=1 dirty=False forceFull=False changed=False
[RowDecide] r=60 ver=1 cached=1 dirty=False forceFull=False changed=False
[RowDecide] r=61 ver=1 cached=1 dirty=False forceFull=False changed=False
[RowDecide] r=62 ver=1 cached=1 dirty=False forceFull=False changed=False
[RowDecide] r=63 ver=1 cached=1 dirty=False forceFull=False changed=False
[RowDecide] r=64 ver=1 cached=1 dirty=False forceFull=False changed=False
[RowDecide] r=65 ver=1 cached=1 dirty=False forceFull=False changed=False
[RowDecide] r=66 ver=1 cached=1 dirty=False forceFull=False changed=False
[RowDecide] r=67 ver=1 cached=1 dirty=False forceFull=False changed=False
[RowDecide] r=68 ver=1 cached=1 dirty=False forceFull=False changed=False
[RowDecide] r=69 ver=1 cached=1 dirty=False forceFull=False changed=False
[RowDecide] r=70 ver=1 cached=1 dirty=False forceFull=False changed=False
[RowDecide] r=71 ver=1 cached=1 dirty=False forceFull=False changed=False
[RowDecide] r=72 ver=1 cached=1 dirty=False forceFull=False changed=False
[RowDecide] r=73 ver=1 cached=1 dirty=False forceFull=False changed=False
[RowDecide] r=74 ver=1 cached=1 dirty=False forceFull=False changed=False
[RowDecide] r=75 ver=1 cached=1 dirty=False forceFull=False changed=False
[RowDecide] r=76 ver=1 cached=1 dirty=False forceFull=False changed=False
[RowDecide] r=77 ver=1 cached=1 dirty=False forceFull=False changed=False
[RowDecide] r=78 ver=1 cached=1 dirty=False forceFull=False changed=False
[FrontDump] wrote /home/dom/projects/dotnet-term/artifacts/frontbuf_20260108_235411_5.png
[FrontDumpSidecarEx] System.InvalidOperationException: Reflection-based serialization has been disabled for this application. Either use the source generator APIs or explicitly configure the 'JsonSerializerOptions.TypeInfoResolver' property.
   at System.Text.Json.ThrowHelper.ThrowInvalidOperationException_JsonSerializerIsReflectionDisabled()
   at System.Text.Json.JsonSerializerOptions.ConfigureForJsonSerializer()
   at System.Text.Json.JsonSerializer.GetTypeInfo(JsonSerializerOptions options, Type inputType)
   at System.Text.Json.JsonSerializer.GetTypeInfo[T](JsonSerializerOptions options)
   at System.Text.Json.JsonSerializer.Serialize[TValue](TValue value, JsonSerializerOptions options)
   at Dotty.App.Rendering.TerminalFrameComposer.RenderTo(SKCanvas target, TerminalBuffer buffer, GlyphAtlas atlas, SKPaint paint, Single cellW, Single cellH) in /home/dom/projects/dotnet-term/src/Dotty.App/Controls/Canvas/Rendering/TerminalFrameComposer.cs:line 286
[RowDecide] r=0 ver=3 cached=3 dirty=False forceFull=False changed=False
[RowDecide] r=1 ver=3 cached=3 dirty=False forceFull=False changed=False
[RowDecide] r=2 ver=3 cached=3 dirty=False forceFull=False changed=False
[RowDecide] r=3 ver=3 cached=3 dirty=False forceFull=False changed=False
[RowDecide] r=4 ver=3 cached=3 dirty=False forceFull=False changed=False
[RowDecide] r=5 ver=3 cached=3 dirty=False forceFull=False changed=False
[RowDecide] r=6 ver=3 cached=3 dirty=False forceFull=False changed=False
[RowDecide] r=7 ver=3 cached=3 dirty=False forceFull=False changed=False
[RowDecide] r=8 ver=3 cached=3 dirty=False forceFull=False changed=False
[RowDecide] r=9 ver=3 cached=3 dirty=False forceFull=False changed=False
[RowDecide] r=10 ver=3 cached=3 dirty=False forceFull=False changed=False
[RowDecide] r=11 ver=3 cached=3 dirty=False forceFull=False changed=False
[RowDecide] r=12 ver=3 cached=3 dirty=False forceFull=False changed=False
[RowDecide] r=13 ver=3 cached=3 dirty=False forceFull=False changed=False
[RowDecide] r=14 ver=3 cached=3 dirty=False forceFull=False changed=False
[RowDecide] r=15 ver=3 cached=3 dirty=False forceFull=False changed=False
[RowDecide] r=16 ver=3 cached=3 dirty=False forceFull=False changed=False
[RowDecide] r=17 ver=3 cached=3 dirty=False forceFull=False changed=False
[RowDecide] r=18 ver=3 cached=3 dirty=False forceFull=False changed=False
[RowDecide] r=19 ver=3 cached=3 dirty=False forceFull=False changed=False
[RowDecide] r=20 ver=3 cached=3 dirty=False forceFull=False changed=False
[RowDecide] r=21 ver=3 cached=3 dirty=False forceFull=False changed=False
[RowDecide] r=22 ver=3 cached=3 dirty=False forceFull=False changed=False
[RowDecide] r=23 ver=3 cached=3 dirty=False forceFull=False changed=False
[RowDecide] r=24 ver=2 cached=2 dirty=False forceFull=False changed=False
[RowDecide] r=25 ver=2 cached=2 dirty=False forceFull=False changed=False
[RowDecide] r=26 ver=2 cached=2 dirty=False forceFull=False changed=False
[RowDecide] r=27 ver=2 cached=2 dirty=False forceFull=False changed=False
[RowDecide] r=28 ver=2 cached=2 dirty=False forceFull=False changed=False
[RowDecide] r=29 ver=2 cached=2 dirty=False forceFull=False changed=False
[RowDecide] r=30 ver=2 cached=2 dirty=False forceFull=False changed=False
[RowDecide] r=31 ver=2 cached=2 dirty=False forceFull=False changed=False
[RowDecide] r=32 ver=2 cached=2 dirty=False forceFull=False changed=False
[RowDecide] r=33 ver=2 cached=2 dirty=False forceFull=False changed=False
[RowDecide] r=34 ver=1 cached=1 dirty=False forceFull=False changed=False
[RowDecide] r=35 ver=1 cached=1 dirty=False forceFull=False changed=False
[RowDecide] r=36 ver=1 cached=1 dirty=False forceFull=False changed=False
[RowDecide] r=37 ver=1 cached=1 dirty=False forceFull=False changed=False
[RowDecide] r=38 ver=1 cached=1 dirty=False forceFull=False changed=False
[RowDecide] r=39 ver=1 cached=1 dirty=False forceFull=False changed=False
[RowDecide] r=40 ver=1 cached=1 dirty=False forceFull=False changed=False
[RowDecide] r=41 ver=1 cached=1 dirty=False forceFull=False changed=False
[RowDecide] r=42 ver=1 cached=1 dirty=False forceFull=False changed=False
[RowDecide] r=43 ver=1 cached=1 dirty=False forceFull=False changed=False
[RowDecide] r=44 ver=1 cached=1 dirty=False forceFull=False changed=False
[RowDecide] r=45 ver=1 cached=1 dirty=False forceFull=False changed=False
[RowDecide] r=46 ver=1 cached=1 dirty=False forceFull=False changed=False
[RowDecide] r=47 ver=1 cached=1 dirty=False forceFull=False changed=False
[RowDecide] r=48 ver=1 cached=1 dirty=False forceFull=False changed=False
[RowDecide] r=49 ver=1 cached=1 dirty=False forceFull=False changed=False
[RowDecide] r=50 ver=1 cached=1 dirty=False forceFull=False changed=False
[RowDecide] r=51 ver=1 cached=1 dirty=False forceFull=False changed=False
[RowDecide] r=52 ver=1 cached=1 dirty=False forceFull=False changed=False
[RowDecide] r=53 ver=1 cached=1 dirty=False forceFull=False changed=False
[RowDecide] r=54 ver=1 cached=1 dirty=False forceFull=False changed=False
[RowDecide] r=55 ver=1 cached=1 dirty=False forceFull=False changed=False
[RowDecide] r=56 ver=1 cached=1 dirty=False forceFull=False changed=False
[RowDecide] r=57 ver=1 cached=1 dirty=False forceFull=False changed=False
[RowDecide] r=58 ver=1 cached=1 dirty=False forceFull=False changed=False
[RowDecide] r=59 ver=1 cached=1 dirty=False forceFull=False changed=False
[RowDecide] r=60 ver=1 cached=1 dirty=False forceFull=False changed=False
[RowDecide] r=61 ver=1 cached=1 dirty=False forceFull=False changed=False
[RowDecide] r=62 ver=1 cached=1 dirty=False forceFull=False changed=False
[RowDecide] r=63 ver=1 cached=1 dirty=False forceFull=False changed=False
[RowDecide] r=64 ver=1 cached=1 dirty=False forceFull=False changed=False
[RowDecide] r=65 ver=1 cached=1 dirty=False forceFull=False changed=False
[RowDecide] r=66 ver=1 cached=1 dirty=False forceFull=False changed=False
[RowDecide] r=67 ver=1 cached=1 dirty=False forceFull=False changed=False
[RowDecide] r=68 ver=1 cached=1 dirty=False forceFull=False changed=False
[RowDecide] r=69 ver=1 cached=1 dirty=False forceFull=False changed=False
[RowDecide] r=70 ver=1 cached=1 dirty=False forceFull=False changed=False
[RowDecide] r=71 ver=1 cached=1 dirty=False forceFull=False changed=False
[RowDecide] r=72 ver=1 cached=1 dirty=False forceFull=False changed=False
[RowDecide] r=73 ver=1 cached=1 dirty=False forceFull=False changed=False
[RowDecide] r=74 ver=1 cached=1 dirty=False forceFull=False changed=False
[RowDecide] r=75 ver=1 cached=1 dirty=False forceFull=False changed=False
[RowDecide] r=76 ver=1 cached=1 dirty=False forceFull=False changed=False
[RowDecide] r=77 ver=1 cached=1 dirty=False forceFull=False changed=False
[RowDecide] r=78 ver=1 cached=1 dirty=False forceFull=False changed=False
[FrontDump] wrote /home/dom/projects/dotnet-term/artifacts/frontbuf_20260108_235412_6.png
[FrontDumpSidecarEx] System.InvalidOperationException: Reflection-based serialization has been disabled for this application. Either use the source generator APIs or explicitly configure the 'JsonSerializerOptions.TypeInfoResolver' property.
   at System.Text.Json.ThrowHelper.ThrowInvalidOperationException_JsonSerializerIsReflectionDisabled()
   at System.Text.Json.JsonSerializerOptions.ConfigureForJsonSerializer()
   at System.Text.Json.JsonSerializer.GetTypeInfo(JsonSerializerOptions options, Type inputType)
   at System.Text.Json.JsonSerializer.GetTypeInfo[T](JsonSerializerOptions options)
   at System.Text.Json.JsonSerializer.Serialize[TValue](TValue value, JsonSerializerOptions options)
   at Dotty.App.Rendering.TerminalFrameComposer.RenderTo(SKCanvas target, TerminalBuffer buffer, GlyphAtlas atlas, SKPaint paint, Single cellW, Single cellH) in /home/dom/projects/dotnet-term/src/Dotty.App/Controls/Canvas/Rendering/TerminalFrameComposer.cs:line 286
