[ScrollGen] MarkAllRowsDirty -> 1
[ScrollGen] ClearScreen -> 2
[ScrollGen] MarkAllRowsDirty -> 3
[ScrollGen] ClearScreen -> 4
[ScrollGen] MarkAllRowsDirty -> 1
[ScrollGen] ClearScreen -> 2
[ScrollGen] MarkAllRowsDirty -> 3
[ScrollGen] MarkAllRowsDirty -> 4
[MarkRowDirty] row=0 version=3 coalesced=True
[CSI SGR] params='0'
[CSI SGR] params='27'
[CSI SGR] params='24'
[CSI J] params='' final='J'
[CSI SGR] params='1;32'
[MarkRowDirty] row=1 version=3 coalesced=True
[CSI SGR] params='0'
[CSI SGR] params='42;30'
[MarkRowDirty] row=1 version=3 coalesced=True
[CSI SGR] params='0'
[CSI SGR] params='1;32'
[MarkRowDirty] row=1 version=3 coalesced=True
[CSI SGR] params='0'
[MarkRowDirty] row=1 version=3 coalesced=True
[CSI SGR] params='1;32'
[MarkRowDirty] row=1 version=3 coalesced=True
[CSI SGR] params='0'
[CSI SGR] params='42;30'
[MarkRowDirty] row=1 version=3 coalesced=True
Process terminated.
[CSI SGR] params='0'
Assertion Failed[CSI SGR] params='1;32'

[MarkRowDirty] row=1 version=3 coalesced=True
_rowVersions.Length == buffer.Rows
   at Dotty.App.Rendering.TerminalFrameComposer.RenderTo(SKCanvas target, TerminalBuffer buffer, GlyphAtlas atlas, SKPaint paint, Single cellW, Single cellH) in /home/dom/projects/dotnet-term/src/Dotty.App/Controls/Canvas/Rendering/TerminalFrameComposer.cs:line 87
   at Dotty.App.Controls.Canvas.SkiaDrawing.Render(ImmediateDrawingContext context) in /home/dom/projects/dotnet-term/src/Dotty.App/Controls/Canvas/Rendering/SkiaDrawing.cs:line 59
   at Avalonia.Rendering.Composition.Drawing.Nodes.RenderDataCustomNode.Invoke(RenderDataNodeRenderContext& context)
   at Avalonia.Rendering.Composition.Drawing.ServerCompositionRenderData.Render(IDrawingContextImpl context)
   at Avalonia.Rendering.Composition.Server.ServerCompositionDrawListVisual.RenderCore(ServerVisualRenderContext context, LtrbRect currentTransformedClip)
   at Avalonia.Rendering.Composition.Server.ServerCompositionVisual.Render(ServerVisualRenderContext context, Nullable`1 parentTransformedClip)
   at Avalonia.Rendering.Composition.Server.ServerCompositionContainerVisual.RenderCore(ServerVisualRenderContext context, LtrbRect currentTransformedClip)
   at Avalonia.Rendering.Composition.Server.ServerCompositionDrawListVisual.RenderCore(ServerVisualRenderContext context, LtrbRect currentTransformedClip)
   at Avalonia.Rendering.Composition.Server.ServerCompositionVisual.Render(ServerVisualRenderContext context, Nullable`1 parentTransformedClip)
   at Avalonia.Rendering.Composition.Server.ServerCompositionContainerVisual.RenderCore(ServerVisualRenderContext context, LtrbRect currentTransformedClip)
   at Avalonia.Rendering.Composition.Server.ServerCompositionDrawListVisual.RenderCore(ServerVisualRenderContext context, LtrbRect currentTransformedClip)
   at Avalonia.Rendering.Composition.Server.ServerCompositionVisual.Render(ServerVisualRenderContext context, Nullable`1 parentTransformedClip)
   at Avalonia.Rendering.Composition.Server.ServerCompositionContainerVisual.RenderCore(ServerVisualRenderContext context, LtrbRect currentTransformedClip)
   at Avalonia.Rendering.Composition.Server.ServerCompositionDrawListVisual.RenderCore(ServerVisualRenderContext context, LtrbRect currentTransformedClip)
   at Avalonia.Rendering.Composition.Server.ServerCompositionVisual.Render(ServerVisualRenderContext context, Nullable`1 parentTransformedClip)
   at Avalonia.Rendering.Composition.Server.ServerCompositionContainerVisual.RenderCore(ServerVisualRenderContext context, LtrbRect currentTransformedClip)
   at Avalonia.Rendering.Composition.Server.ServerCompositionDrawListVisual.RenderCore(ServerVisualRenderContext context, LtrbRect currentTransformedClip)
   at Avalonia.Controls.CompositionBorderVisual.ServerBorderVisual.RenderCore(ServerVisualRenderContext ctx, LtrbRect currentTransformedClip)
   at Avalonia.Rendering.Composition.Server.ServerCompositionVisual.Render(ServerVisualRenderContext context, Nullable`1 parentTransformedClip)
   at Avalonia.Rendering.Composition.Server.ServerCompositionContainerVisual.RenderCore(ServerVisualRenderContext context, LtrbRect currentTransformedClip)
   at Avalonia.Rendering.Composition.Server.ServerCompositionDrawListVisual.RenderCore(ServerVisualRenderContext context, LtrbRect currentTransformedClip)
   at Avalonia.Rendering.Composition.Server.ServerCompositionVisual.Render(ServerVisualRenderContext context, Nullable`1 parentTransformedClip)
   at Avalonia.Rendering.Composition.Server.ServerCompositionContainerVisual.RenderCore(ServerVisualRenderContext context, LtrbRect currentTransformedClip)
   at Avalonia.Rendering.Composition.Server.ServerCompositionDrawListVisual.RenderCore(ServerVisualRenderContext context, LtrbRect currentTransformedClip)
   at Avalonia.Rendering.Composition.Server.ServerCompositionVisual.Render(ServerVisualRenderContext context, Nullable`1 parentTransformedClip)
   at Avalonia.Rendering.Composition.Server.ServerCompositionContainerVisual.RenderCore(ServerVisualRenderContext context, LtrbRect currentTransformedClip)
   at Avalonia.Rendering.Composition.Server.ServerCompositionDrawListVisual.RenderCore(ServerVisualRenderContext context, LtrbRect currentTransformedClip)
   at Avalonia.Controls.CompositionBorderVisual.ServerBorderVisual.RenderCore(ServerVisualRenderContext ctx, LtrbRect currentTransformedClip)
   at Avalonia.Rendering.Composition.Server.ServerCompositionVisual.Render(ServerVisualRenderContext context, Nullable`1 parentTransformedClip)
   at Avalonia.Rendering.Composition.Server.ServerCompositionContainerVisual.RenderCore(ServerVisualRenderContext context, LtrbRect currentTransformedClip)
   at Avalonia.Rendering.Composition.Server.ServerCompositionDrawListVisual.RenderCore(ServerVisualRenderContext context, LtrbRect currentTransformedClip)
   at Avalonia.Rendering.Composition.Server.ServerCompositionVisual.Render(ServerVisualRenderContext context, Nullable`1 parentTransformedClip)
   at Avalonia.Rendering.Composition.Server.ServerCompositionContainerVisual.RenderCore(ServerVisualRenderContext context, LtrbRect currentTransformedClip)
   at Avalonia.Rendering.Composition.Server.ServerCompositionDrawListVisual.RenderCore(ServerVisualRenderContext context, LtrbRect currentTransformedClip)
   at Avalonia.Rendering.Composition.Server.ServerCompositionVisual.Render(ServerVisualRenderContext context, Nullable`1 parentTransformedClip)
   at Avalonia.Rendering.Composition.Server.ServerCompositionContainerVisual.RenderCore(ServerVisualRenderContext context, LtrbRect currentTransformedClip)
   at Avalonia.Rendering.Composition.Server.ServerCompositionDrawListVisual.RenderCore(ServerVisualRenderContext context, LtrbRect currentTransformedClip)
   at Avalonia.Rendering.Composition.Server.ServerCompositionVisual.Render(ServerVisualRenderContext context, Nullable`1 parentTransformedClip)
   at Avalonia.Rendering.Composition.Server.ServerCompositionContainerVisual.RenderCore(ServerVisualRenderContext context, LtrbRect currentTransformedClip)
   at Avalonia.Rendering.Composition.Server.ServerCompositionDrawListVisual.RenderCore(ServerVisualRenderContext context, LtrbRect currentTransformedClip)
   at Avalonia.Rendering.Composition.Server.ServerCompositionVisual.Render(ServerVisualRenderContext context, Nullable`1 parentTransformedClip)
   at Avalonia.Rendering.Composition.Server.ServerCompositionContainerVisual.RenderCore(ServerVisualRenderContext context, LtrbRect currentTransformedClip)
   at Avalonia.Rendering.Composition.Server.ServerCompositionDrawListVisual.RenderCore(ServerVisualRenderContext context, LtrbRect currentTransformedClip)
   at Avalonia.Rendering.Composition.Server.ServerCompositionVisual.Render(ServerVisualRenderContext context, Nullable`1 parentTransformedClip)
   at Avalonia.Rendering.Composition.Server.ServerCompositionContainerVisual.RenderCore(ServerVisualRenderContext context, LtrbRect currentTransformedClip)
   at Avalonia.Rendering.Composition.Server.ServerCompositionDrawListVisual.RenderCore(ServerVisualRenderContext context, LtrbRect currentTransformedClip)
   at Avalonia.Rendering.Composition.Server.ServerCompositionVisual.Render(ServerVisualRenderContext context, Nullable`1 parentTransformedClip)
   at Avalonia.Rendering.Composition.Server.ServerCompositionContainerVisual.RenderCore(ServerVisualRenderContext context, LtrbRect currentTransformedClip)
   at Avalonia.Rendering.Composition.Server.ServerCompositionDrawListVisual.RenderCore(ServerVisualRenderContext context, LtrbRect currentTransformedClip)
   at Avalonia.Rendering.Composition.Server.ServerCompositionVisual.Render(ServerVisualRenderContext context, Nullable`1 parentTransformedClip)
   at Avalonia.Rendering.Composition.Server.ServerCompositionTarget.RenderRootToContextWithClip(IDrawingContextImpl context, ServerCompositionVisual root)
   at Avalonia.Rendering.Composition.Server.ServerCompositionTarget.Render()
   at Avalonia.Rendering.Composition.Server.ServerCompositor.RenderCore(Boolean catchExceptions)
   at Avalonia.Rendering.Composition.Server.ServerCompositor.RenderReentrancySafe(Boolean catchExceptions)
   at Avalonia.Rendering.Composition.Server.ServerCompositor.Render(Boolean catchExceptions)
   at Avalonia.Rendering.Composition.Server.ServerCompositor.Render()
   at Avalonia.Rendering.RenderLoop.TimerTick(TimeSpan time)
   at Avalonia.Rendering.SleepLoopRenderTimer.LoopProc()
   at System.Threading.Thread.StartCallback()

